{"/Users/a523034406/projects/motrix-ai/packages/core/src/errors.ts": {"path":"/Users/a523034406/projects/motrix-ai/packages/core/src/errors.ts","all":false,"statementMap":{"12":{"start":{"line":13,"column":0},"end":{"line":13,"column":37}},"14":{"start":{"line":15,"column":0},"end":{"line":15,"column":23}},"16":{"start":{"line":17,"column":0},"end":{"line":17,"column":24}},"18":{"start":{"line":19,"column":0},"end":{"line":19,"column":61}},"19":{"start":{"line":20,"column":0},"end":{"line":20,"column":18}},"20":{"start":{"line":21,"column":0},"end":{"line":21,"column":26}},"21":{"start":{"line":22,"column":0},"end":{"line":22,"column":20}},"22":{"start":{"line":23,"column":0},"end":{"line":23,"column":22}},"23":{"start":{"line":24,"column":0},"end":{"line":24,"column":3}},"26":{"start":{"line":27,"column":0},"end":{"line":27,"column":37}},"27":{"start":{"line":28,"column":0},"end":{"line":28,"column":12}},"28":{"start":{"line":29,"column":0},"end":{"line":29,"column":22}},"29":{"start":{"line":30,"column":0},"end":{"line":30,"column":22}},"30":{"start":{"line":31,"column":0},"end":{"line":31,"column":28}},"31":{"start":{"line":32,"column":0},"end":{"line":32,"column":24}},"32":{"start":{"line":33,"column":0},"end":{"line":33,"column":33}},"33":{"start":{"line":34,"column":0},"end":{"line":34,"column":5}},"34":{"start":{"line":35,"column":0},"end":{"line":35,"column":3}},"35":{"start":{"line":36,"column":0},"end":{"line":36,"column":1}},"41":{"start":{"line":42,"column":0},"end":{"line":42,"column":43}},"42":{"start":{"line":43,"column":0},"end":{"line":43,"column":47}},"43":{"start":{"line":44,"column":0},"end":{"line":44,"column":41}},"44":{"start":{"line":45,"column":0},"end":{"line":45,"column":29}},"45":{"start":{"line":46,"column":0},"end":{"line":46,"column":3}},"46":{"start":{"line":47,"column":0},"end":{"line":47,"column":1}},"52":{"start":{"line":53,"column":0},"end":{"line":53,"column":42}},"53":{"start":{"line":54,"column":0},"end":{"line":54,"column":47}},"54":{"start":{"line":55,"column":0},"end":{"line":55,"column":40}},"55":{"start":{"line":56,"column":0},"end":{"line":56,"column":28}},"56":{"start":{"line":57,"column":0},"end":{"line":57,"column":3}},"57":{"start":{"line":58,"column":0},"end":{"line":58,"column":1}},"63":{"start":{"line":64,"column":0},"end":{"line":64,"column":48}},"64":{"start":{"line":65,"column":0},"end":{"line":65,"column":47}},"65":{"start":{"line":66,"column":0},"end":{"line":66,"column":47}},"66":{"start":{"line":67,"column":0},"end":{"line":67,"column":34}},"67":{"start":{"line":68,"column":0},"end":{"line":68,"column":3}},"68":{"start":{"line":69,"column":0},"end":{"line":69,"column":1}},"74":{"start":{"line":75,"column":0},"end":{"line":75,"column":42}},"75":{"start":{"line":76,"column":0},"end":{"line":76,"column":47}},"76":{"start":{"line":77,"column":0},"end":{"line":77,"column":40}},"77":{"start":{"line":78,"column":0},"end":{"line":78,"column":28}},"78":{"start":{"line":79,"column":0},"end":{"line":79,"column":3}},"79":{"start":{"line":80,"column":0},"end":{"line":80,"column":1}},"85":{"start":{"line":86,"column":0},"end":{"line":86,"column":45}},"86":{"start":{"line":87,"column":0},"end":{"line":87,"column":47}},"87":{"start":{"line":88,"column":0},"end":{"line":88,"column":43}},"88":{"start":{"line":89,"column":0},"end":{"line":89,"column":31}},"89":{"start":{"line":90,"column":0},"end":{"line":90,"column":3}},"90":{"start":{"line":91,"column":0},"end":{"line":91,"column":1}},"96":{"start":{"line":97,"column":0},"end":{"line":97,"column":43}},"97":{"start":{"line":98,"column":0},"end":{"line":98,"column":47}},"98":{"start":{"line":99,"column":0},"end":{"line":99,"column":41}},"99":{"start":{"line":100,"column":0},"end":{"line":100,"column":29}},"100":{"start":{"line":101,"column":0},"end":{"line":101,"column":3}},"101":{"start":{"line":102,"column":0},"end":{"line":102,"column":1}},"107":{"start":{"line":108,"column":0},"end":{"line":108,"column":44}},"108":{"start":{"line":109,"column":0},"end":{"line":109,"column":47}},"109":{"start":{"line":110,"column":0},"end":{"line":110,"column":42}},"110":{"start":{"line":111,"column":0},"end":{"line":111,"column":30}},"111":{"start":{"line":112,"column":0},"end":{"line":112,"column":3}},"112":{"start":{"line":113,"column":0},"end":{"line":113,"column":1}}},"s":{"12":1,"14":2,"16":2,"18":2,"19":2,"20":2,"21":2,"22":2,"23":2,"26":2,"27":0,"28":0,"29":0,"30":0,"31":0,"32":0,"33":0,"34":0,"35":2,"41":1,"42":1,"43":0,"44":0,"45":0,"46":1,"52":1,"53":1,"54":0,"55":0,"56":0,"57":1,"63":1,"64":1,"65":0,"66":0,"67":0,"68":1,"74":1,"75":1,"76":0,"77":0,"78":0,"79":1,"85":1,"86":1,"87":0,"88":0,"89":0,"90":1,"96":1,"97":1,"98":2,"99":2,"100":2,"101":1,"107":1,"108":1,"109":0,"110":0,"111":0,"112":1},"branchMap":{"0":{"type":"branch","line":13,"loc":{"start":{"line":13,"column":36},"end":{"line":36,"column":1}},"locations":[{"start":{"line":13,"column":36},"end":{"line":36,"column":1}}]},"1":{"type":"branch","line":19,"loc":{"start":{"line":19,"column":2},"end":{"line":24,"column":3}},"locations":[{"start":{"line":19,"column":2},"end":{"line":24,"column":3}}]},"2":{"type":"branch","line":98,"loc":{"start":{"line":98,"column":2},"end":{"line":101,"column":3}},"locations":[{"start":{"line":98,"column":2},"end":{"line":101,"column":3}}]}},"b":{"0":[2],"1":[2],"2":[2]},"fnMap":{"0":{"name":"<instance_members_initializer>","decl":{"start":{"line":13,"column":36},"end":{"line":36,"column":1}},"loc":{"start":{"line":13,"column":36},"end":{"line":36,"column":1}},"line":13},"1":{"name":"AppError","decl":{"start":{"line":19,"column":2},"end":{"line":24,"column":3}},"loc":{"start":{"line":19,"column":2},"end":{"line":24,"column":3}},"line":19},"2":{"name":"toJSON","decl":{"start":{"line":27,"column":2},"end":{"line":35,"column":3}},"loc":{"start":{"line":27,"column":2},"end":{"line":35,"column":3}},"line":27},"3":{"name":"SearchError","decl":{"start":{"line":43,"column":2},"end":{"line":46,"column":3}},"loc":{"start":{"line":43,"column":2},"end":{"line":46,"column":3}},"line":43},"4":{"name":"Aria2Error","decl":{"start":{"line":54,"column":2},"end":{"line":57,"column":3}},"loc":{"start":{"line":54,"column":2},"end":{"line":57,"column":3}},"line":54},"5":{"name":"IntentParseError","decl":{"start":{"line":65,"column":2},"end":{"line":68,"column":3}},"loc":{"start":{"line":65,"column":2},"end":{"line":68,"column":3}},"line":65},"6":{"name":"QueueError","decl":{"start":{"line":76,"column":2},"end":{"line":79,"column":3}},"loc":{"start":{"line":76,"column":2},"end":{"line":79,"column":3}},"line":76},"7":{"name":"SubtitleError","decl":{"start":{"line":87,"column":2},"end":{"line":90,"column":3}},"loc":{"start":{"line":87,"column":2},"end":{"line":90,"column":3}},"line":87},"8":{"name":"ConfigError","decl":{"start":{"line":98,"column":2},"end":{"line":101,"column":3}},"loc":{"start":{"line":98,"column":2},"end":{"line":101,"column":3}},"line":98},"9":{"name":"ArchiveError","decl":{"start":{"line":109,"column":2},"end":{"line":112,"column":3}},"loc":{"start":{"line":109,"column":2},"end":{"line":112,"column":3}},"line":109}},"f":{"0":2,"1":2,"2":0,"3":0,"4":0,"5":0,"6":0,"7":0,"8":2,"9":0}}
,"/Users/a523034406/projects/motrix-ai/packages/core/src/index.ts": {"path":"/Users/a523034406/projects/motrix-ai/packages/core/src/index.ts","all":true,"statementMap":{"0":{"start":{"line":1,"column":0},"end":{"line":1,"column":31}}},"s":{"0":0},"branchMap":{"0":{"type":"branch","line":1,"loc":{"start":{"line":1,"column":1817},"end":{"line":63,"column":76}},"locations":[{"start":{"line":1,"column":1817},"end":{"line":63,"column":76}}]}},"b":{"0":[0]},"fnMap":{"0":{"name":"(empty-report)","decl":{"start":{"line":1,"column":1817},"end":{"line":63,"column":76}},"loc":{"start":{"line":1,"column":1817},"end":{"line":63,"column":76}},"line":1}},"f":{"0":0}}
,"/Users/a523034406/projects/motrix-ai/packages/core/src/logger.ts": {"path":"/Users/a523034406/projects/motrix-ai/packages/core/src/logger.ts","all":false,"statementMap":{"14":{"start":{"line":15,"column":0},"end":{"line":15,"column":50}},"15":{"start":{"line":16,"column":0},"end":{"line":16,"column":11}},"16":{"start":{"line":17,"column":0},"end":{"line":17,"column":10}},"17":{"start":{"line":18,"column":0},"end":{"line":18,"column":10}},"18":{"start":{"line":19,"column":0},"end":{"line":19,"column":11}},"19":{"start":{"line":20,"column":0},"end":{"line":20,"column":1}},"27":{"start":{"line":28,"column":0},"end":{"line":28,"column":21}},"28":{"start":{"line":29,"column":0},"end":{"line":29,"column":25}},"29":{"start":{"line":30,"column":0},"end":{"line":30,"column":24}},"35":{"start":{"line":36,"column":0},"end":{"line":36,"column":57}},"36":{"start":{"line":37,"column":0},"end":{"line":37,"column":24}},"37":{"start":{"line":38,"column":0},"end":{"line":38,"column":22}},"38":{"start":{"line":39,"column":0},"end":{"line":39,"column":3}},"41":{"start":{"line":42,"column":0},"end":{"line":42,"column":52}},"42":{"start":{"line":43,"column":0},"end":{"line":43,"column":61}},"43":{"start":{"line":44,"column":0},"end":{"line":44,"column":67}},"44":{"start":{"line":45,"column":0},"end":{"line":45,"column":5}},"45":{"start":{"line":46,"column":0},"end":{"line":46,"column":3}},"48":{"start":{"line":49,"column":0},"end":{"line":49,"column":51}},"49":{"start":{"line":50,"column":0},"end":{"line":50,"column":60}},"50":{"start":{"line":51,"column":0},"end":{"line":51,"column":65}},"51":{"start":{"line":52,"column":0},"end":{"line":52,"column":5}},"52":{"start":{"line":53,"column":0},"end":{"line":53,"column":3}},"55":{"start":{"line":56,"column":0},"end":{"line":56,"column":51}},"56":{"start":{"line":57,"column":0},"end":{"line":57,"column":60}},"57":{"start":{"line":58,"column":0},"end":{"line":58,"column":66}},"58":{"start":{"line":59,"column":0},"end":{"line":59,"column":5}},"59":{"start":{"line":60,"column":0},"end":{"line":60,"column":3}},"62":{"start":{"line":63,"column":0},"end":{"line":63,"column":52}},"63":{"start":{"line":64,"column":0},"end":{"line":64,"column":61}},"64":{"start":{"line":65,"column":0},"end":{"line":65,"column":67}},"65":{"start":{"line":66,"column":0},"end":{"line":66,"column":5}},"66":{"start":{"line":67,"column":0},"end":{"line":67,"column":3}},"67":{"start":{"line":68,"column":0},"end":{"line":68,"column":1}},"76":{"start":{"line":77,"column":0},"end":{"line":77,"column":72}},"77":{"start":{"line":78,"column":0},"end":{"line":78,"column":34}},"78":{"start":{"line":79,"column":0},"end":{"line":79,"column":1}}},"s":{"14":1,"15":1,"16":1,"17":1,"18":1,"19":1,"27":1,"28":7,"29":7,"35":7,"36":7,"37":7,"38":7,"41":7,"42":0,"43":0,"44":0,"45":0,"48":7,"49":0,"50":0,"51":0,"52":0,"55":7,"56":0,"57":0,"58":0,"59":0,"62":7,"63":0,"64":0,"65":0,"66":0,"67":7,"76":1,"77":7,"78":7},"branchMap":{"0":{"type":"branch","line":28,"loc":{"start":{"line":28,"column":20},"end":{"line":68,"column":1}},"locations":[{"start":{"line":28,"column":20},"end":{"line":68,"column":1}}]},"1":{"type":"branch","line":36,"loc":{"start":{"line":36,"column":2},"end":{"line":39,"column":3}},"locations":[{"start":{"line":36,"column":2},"end":{"line":39,"column":3}}]},"2":{"type":"branch","line":77,"loc":{"start":{"line":77,"column":7},"end":{"line":79,"column":1}},"locations":[{"start":{"line":77,"column":7},"end":{"line":79,"column":1}}]}},"b":{"0":[7],"1":[7],"2":[7]},"fnMap":{"0":{"name":"<instance_members_initializer>","decl":{"start":{"line":28,"column":20},"end":{"line":68,"column":1}},"loc":{"start":{"line":28,"column":20},"end":{"line":68,"column":1}},"line":28},"1":{"name":"Logger","decl":{"start":{"line":36,"column":2},"end":{"line":39,"column":3}},"loc":{"start":{"line":36,"column":2},"end":{"line":39,"column":3}},"line":36},"2":{"name":"error","decl":{"start":{"line":42,"column":2},"end":{"line":46,"column":3}},"loc":{"start":{"line":42,"column":2},"end":{"line":46,"column":3}},"line":42},"3":{"name":"warn","decl":{"start":{"line":49,"column":2},"end":{"line":53,"column":3}},"loc":{"start":{"line":49,"column":2},"end":{"line":53,"column":3}},"line":49},"4":{"name":"info","decl":{"start":{"line":56,"column":2},"end":{"line":60,"column":3}},"loc":{"start":{"line":56,"column":2},"end":{"line":60,"column":3}},"line":56},"5":{"name":"debug","decl":{"start":{"line":63,"column":2},"end":{"line":67,"column":3}},"loc":{"start":{"line":63,"column":2},"end":{"line":67,"column":3}},"line":63},"6":{"name":"createLogger","decl":{"start":{"line":77,"column":7},"end":{"line":79,"column":1}},"loc":{"start":{"line":77,"column":7},"end":{"line":79,"column":1}},"line":77}},"f":{"0":7,"1":7,"2":0,"3":0,"4":0,"5":0,"6":7}}
,"/Users/a523034406/projects/motrix-ai/packages/core/src/types.ts": {"path":"/Users/a523034406/projects/motrix-ai/packages/core/src/types.ts","all":true,"statementMap":{},"s":{},"branchMap":{"0":{"type":"branch","line":1,"loc":{"start":{"line":1,"column":2551},"end":{"line":120,"column":1}},"locations":[{"start":{"line":1,"column":2551},"end":{"line":120,"column":1}}]}},"b":{"0":[1]},"fnMap":{"0":{"name":"(empty-report)","decl":{"start":{"line":1,"column":2551},"end":{"line":120,"column":1}},"loc":{"start":{"line":1,"column":2551},"end":{"line":120,"column":1}},"line":1}},"f":{"0":1}}
,"/Users/a523034406/projects/motrix-ai/packages/core/src/ai/intent-parser.ts": {"path":"/Users/a523034406/projects/motrix-ai/packages/core/src/ai/intent-parser.ts","all":false,"statementMap":{"11":{"start":{"line":12,"column":0},"end":{"line":12,"column":23}},"12":{"start":{"line":13,"column":0},"end":{"line":13,"column":17}},"13":{"start":{"line":14,"column":0},"end":{"line":14,"column":15}},"14":{"start":{"line":15,"column":0},"end":{"line":15,"column":61}},"15":{"start":{"line":16,"column":0},"end":{"line":16,"column":53}},"16":{"start":{"line":17,"column":0},"end":{"line":17,"column":92}},"17":{"start":{"line":18,"column":0},"end":{"line":18,"column":62}},"18":{"start":{"line":19,"column":0},"end":{"line":19,"column":90}},"19":{"start":{"line":20,"column":0},"end":{"line":20,"column":121}},"20":{"start":{"line":21,"column":0},"end":{"line":21,"column":4}},"21":{"start":{"line":22,"column":0},"end":{"line":22,"column":58}},"22":{"start":{"line":23,"column":0},"end":{"line":23,"column":11}},"24":{"start":{"line":25,"column":0},"end":{"line":25,"column":27}},"25":{"start":{"line":26,"column":0},"end":{"line":26,"column":29}},"26":{"start":{"line":27,"column":0},"end":{"line":27,"column":42}},"27":{"start":{"line":28,"column":0},"end":{"line":28,"column":26}},"29":{"start":{"line":30,"column":0},"end":{"line":30,"column":50}},"30":{"start":{"line":31,"column":0},"end":{"line":31,"column":62}},"31":{"start":{"line":32,"column":0},"end":{"line":32,"column":3}},"33":{"start":{"line":34,"column":0},"end":{"line":34,"column":32}},"34":{"start":{"line":35,"column":0},"end":{"line":35,"column":28}},"35":{"start":{"line":36,"column":0},"end":{"line":36,"column":70}},"36":{"start":{"line":37,"column":0},"end":{"line":37,"column":66}},"37":{"start":{"line":38,"column":0},"end":{"line":38,"column":3}},"39":{"start":{"line":40,"column":0},"end":{"line":40,"column":50}},"40":{"start":{"line":41,"column":0},"end":{"line":41,"column":46}},"41":{"start":{"line":42,"column":0},"end":{"line":42,"column":30}},"42":{"start":{"line":43,"column":0},"end":{"line":43,"column":51}},"43":{"start":{"line":44,"column":0},"end":{"line":44,"column":44}},"44":{"start":{"line":45,"column":0},"end":{"line":45,"column":26}},"45":{"start":{"line":46,"column":0},"end":{"line":46,"column":3}},"48":{"start":{"line":49,"column":0},"end":{"line":49,"column":57}},"49":{"start":{"line":50,"column":0},"end":{"line":50,"column":23}},"50":{"start":{"line":51,"column":0},"end":{"line":51,"column":70}},"51":{"start":{"line":52,"column":0},"end":{"line":52,"column":60}},"52":{"start":{"line":53,"column":0},"end":{"line":53,"column":14}},"55":{"start":{"line":56,"column":0},"end":{"line":56,"column":53}},"56":{"start":{"line":57,"column":0},"end":{"line":57,"column":52}},"57":{"start":{"line":58,"column":0},"end":{"line":58,"column":56}},"58":{"start":{"line":59,"column":0},"end":{"line":59,"column":54}},"61":{"start":{"line":62,"column":0},"end":{"line":62,"column":57}},"64":{"start":{"line":65,"column":0},"end":{"line":65,"column":65}},"65":{"start":{"line":66,"column":0},"end":{"line":66,"column":48}},"66":{"start":{"line":67,"column":0},"end":{"line":67,"column":30}},"67":{"start":{"line":68,"column":0},"end":{"line":68,"column":76}},"68":{"start":{"line":69,"column":0},"end":{"line":69,"column":70}},"69":{"start":{"line":70,"column":0},"end":{"line":70,"column":83}},"70":{"start":{"line":71,"column":0},"end":{"line":71,"column":33}},"71":{"start":{"line":72,"column":0},"end":{"line":72,"column":67}},"72":{"start":{"line":73,"column":0},"end":{"line":73,"column":30}},"73":{"start":{"line":74,"column":0},"end":{"line":74,"column":5}},"76":{"start":{"line":77,"column":0},"end":{"line":77,"column":23}},"77":{"start":{"line":78,"column":0},"end":{"line":78,"column":55}},"78":{"start":{"line":79,"column":0},"end":{"line":79,"column":41}},"79":{"start":{"line":80,"column":0},"end":{"line":80,"column":58}},"80":{"start":{"line":81,"column":0},"end":{"line":81,"column":27}},"81":{"start":{"line":82,"column":0},"end":{"line":82,"column":23}},"84":{"start":{"line":85,"column":0},"end":{"line":85,"column":61}},"85":{"start":{"line":86,"column":0},"end":{"line":86,"column":62}},"88":{"start":{"line":89,"column":0},"end":{"line":89,"column":29}},"89":{"start":{"line":90,"column":0},"end":{"line":90,"column":66}},"90":{"start":{"line":91,"column":0},"end":{"line":91,"column":75}},"91":{"start":{"line":92,"column":0},"end":{"line":92,"column":48}},"93":{"start":{"line":94,"column":0},"end":{"line":94,"column":12}},"94":{"start":{"line":95,"column":0},"end":{"line":95,"column":12}},"95":{"start":{"line":96,"column":0},"end":{"line":96,"column":11}},"96":{"start":{"line":97,"column":0},"end":{"line":97,"column":14}},"97":{"start":{"line":98,"column":0},"end":{"line":98,"column":20}},"98":{"start":{"line":99,"column":0},"end":{"line":99,"column":46}},"99":{"start":{"line":100,"column":0},"end":{"line":100,"column":20}},"100":{"start":{"line":101,"column":0},"end":{"line":101,"column":6}},"101":{"start":{"line":102,"column":0},"end":{"line":102,"column":3}},"109":{"start":{"line":110,"column":0},"end":{"line":110,"column":55}},"110":{"start":{"line":111,"column":0},"end":{"line":111,"column":9}},"111":{"start":{"line":112,"column":0},"end":{"line":112,"column":32}},"112":{"start":{"line":113,"column":0},"end":{"line":113,"column":51}},"114":{"start":{"line":115,"column":0},"end":{"line":115,"column":55}},"115":{"start":{"line":116,"column":0},"end":{"line":116,"column":32}},"116":{"start":{"line":117,"column":0},"end":{"line":117,"column":15}},"117":{"start":{"line":118,"column":0},"end":{"line":118,"column":19}},"118":{"start":{"line":119,"column":0},"end":{"line":119,"column":25}},"119":{"start":{"line":120,"column":0},"end":{"line":120,"column":40}},"121":{"start":{"line":122,"column":0},"end":{"line":122,"column":17}},"122":{"start":{"line":123,"column":0},"end":{"line":123,"column":13}},"123":{"start":{"line":124,"column":0},"end":{"line":124,"column":19}},"124":{"start":{"line":125,"column":0},"end":{"line":125,"column":32}},"125":{"start":{"line":126,"column":0},"end":{"line":126,"column":34}},"126":{"start":{"line":127,"column":0},"end":{"line":127,"column":26}},"127":{"start":{"line":128,"column":0},"end":{"line":128,"column":12}},"128":{"start":{"line":129,"column":0},"end":{"line":129,"column":10}},"129":{"start":{"line":130,"column":0},"end":{"line":130,"column":9}},"131":{"start":{"line":132,"column":0},"end":{"line":132,"column":64}},"132":{"start":{"line":133,"column":0},"end":{"line":133,"column":63}},"134":{"start":{"line":135,"column":0},"end":{"line":135,"column":42}},"135":{"start":{"line":136,"column":0},"end":{"line":136,"column":7}},"137":{"start":{"line":138,"column":0},"end":{"line":138,"column":14}},"138":{"start":{"line":139,"column":0},"end":{"line":139,"column":32}},"139":{"start":{"line":140,"column":0},"end":{"line":140,"column":30}},"140":{"start":{"line":141,"column":0},"end":{"line":141,"column":47}},"141":{"start":{"line":142,"column":0},"end":{"line":142,"column":57}},"142":{"start":{"line":143,"column":0},"end":{"line":143,"column":52}},"143":{"start":{"line":144,"column":0},"end":{"line":144,"column":59}},"144":{"start":{"line":145,"column":0},"end":{"line":145,"column":8}},"145":{"start":{"line":146,"column":0},"end":{"line":146,"column":13}},"147":{"start":{"line":148,"column":0},"end":{"line":148,"column":40}},"148":{"start":{"line":149,"column":0},"end":{"line":149,"column":5}},"149":{"start":{"line":150,"column":0},"end":{"line":150,"column":3}},"150":{"start":{"line":151,"column":0},"end":{"line":151,"column":1}}},"s":{"11":1,"12":1,"13":1,"14":1,"15":1,"16":1,"17":1,"18":1,"19":1,"20":1,"21":1,"22":1,"24":1,"25":5,"26":5,"27":5,"29":5,"30":5,"31":5,"33":5,"34":28,"35":1,"36":1,"37":28,"39":5,"40":14,"41":14,"42":14,"43":0,"44":0,"45":14,"48":5,"49":14,"50":14,"51":14,"52":14,"55":14,"56":14,"57":11,"58":8,"61":14,"64":14,"65":14,"66":1,"67":14,"68":4,"69":13,"70":1,"71":9,"72":0,"73":0,"76":14,"77":14,"78":14,"79":14,"80":14,"81":14,"84":14,"85":14,"88":14,"89":14,"90":14,"91":14,"93":14,"94":14,"95":14,"96":14,"97":14,"98":14,"99":14,"100":14,"101":14,"109":5,"110":14,"111":14,"112":14,"114":0,"115":0,"116":0,"117":0,"118":0,"119":0,"121":0,"122":0,"123":0,"124":0,"125":0,"126":0,"127":0,"128":0,"129":0,"131":0,"132":14,"134":0,"135":0,"137":0,"138":0,"139":0,"140":0,"141":14,"142":14,"143":14,"144":14,"145":14,"147":14,"148":14,"149":14,"150":5},"branchMap":{"0":{"type":"branch","line":25,"loc":{"start":{"line":25,"column":26},"end":{"line":151,"column":1}},"locations":[{"start":{"line":25,"column":26},"end":{"line":151,"column":1}}]},"1":{"type":"branch","line":30,"loc":{"start":{"line":30,"column":2},"end":{"line":32,"column":3}},"locations":[{"start":{"line":30,"column":2},"end":{"line":32,"column":3}}]},"2":{"type":"branch","line":34,"loc":{"start":{"line":34,"column":2},"end":{"line":38,"column":3}},"locations":[{"start":{"line":34,"column":2},"end":{"line":38,"column":3}}]},"3":{"type":"branch","line":35,"loc":{"start":{"line":35,"column":21},"end":{"line":35,"column":28}},"locations":[{"start":{"line":35,"column":21},"end":{"line":35,"column":28}}]},"4":{"type":"branch","line":35,"loc":{"start":{"line":35,"column":21},"end":{"line":37,"column":66}},"locations":[{"start":{"line":35,"column":21},"end":{"line":37,"column":66}}]},"5":{"type":"branch","line":40,"loc":{"start":{"line":40,"column":2},"end":{"line":46,"column":3}},"locations":[{"start":{"line":40,"column":2},"end":{"line":46,"column":3}}]},"6":{"type":"branch","line":41,"loc":{"start":{"line":41,"column":24},"end":{"line":41,"column":46}},"locations":[{"start":{"line":41,"column":24},"end":{"line":41,"column":46}}]},"7":{"type":"branch","line":43,"loc":{"start":{"line":43,"column":49},"end":{"line":45,"column":26}},"locations":[{"start":{"line":43,"column":49},"end":{"line":45,"column":26}}]},"8":{"type":"branch","line":49,"loc":{"start":{"line":49,"column":10},"end":{"line":102,"column":3}},"locations":[{"start":{"line":49,"column":10},"end":{"line":102,"column":3}}]},"9":{"type":"branch","line":57,"loc":{"start":{"line":57,"column":37},"end":{"line":57,"column":52}},"locations":[{"start":{"line":57,"column":37},"end":{"line":57,"column":52}}]},"10":{"type":"branch","line":57,"loc":{"start":{"line":57,"column":47},"end":{"line":59,"column":54}},"locations":[{"start":{"line":57,"column":47},"end":{"line":59,"column":54}}]},"11":{"type":"branch","line":58,"loc":{"start":{"line":58,"column":38},"end":{"line":58,"column":56}},"locations":[{"start":{"line":58,"column":38},"end":{"line":58,"column":56}}]},"12":{"type":"branch","line":58,"loc":{"start":{"line":58,"column":48},"end":{"line":59,"column":54}},"locations":[{"start":{"line":58,"column":48},"end":{"line":59,"column":54}}]},"13":{"type":"branch","line":59,"loc":{"start":{"line":59,"column":37},"end":{"line":59,"column":54}},"locations":[{"start":{"line":59,"column":37},"end":{"line":59,"column":54}}]},"14":{"type":"branch","line":66,"loc":{"start":{"line":66,"column":47},"end":{"line":68,"column":15}},"locations":[{"start":{"line":66,"column":47},"end":{"line":68,"column":15}}]},"15":{"type":"branch","line":68,"loc":{"start":{"line":68,"column":4},"end":{"line":74,"column":5}},"locations":[{"start":{"line":68,"column":4},"end":{"line":74,"column":5}}]},"16":{"type":"branch","line":68,"loc":{"start":{"line":68,"column":75},"end":{"line":70,"column":15}},"locations":[{"start":{"line":68,"column":75},"end":{"line":70,"column":15}}]},"17":{"type":"branch","line":69,"loc":{"start":{"line":69,"column":51},"end":{"line":69,"column":62}},"locations":[{"start":{"line":69,"column":51},"end":{"line":69,"column":62}}]},"18":{"type":"branch","line":69,"loc":{"start":{"line":69,"column":55},"end":{"line":69,"column":70}},"locations":[{"start":{"line":69,"column":55},"end":{"line":69,"column":70}}]},"19":{"type":"branch","line":70,"loc":{"start":{"line":70,"column":4},"end":{"line":74,"column":5}},"locations":[{"start":{"line":70,"column":4},"end":{"line":74,"column":5}}]},"20":{"type":"branch","line":70,"loc":{"start":{"line":70,"column":82},"end":{"line":72,"column":15}},"locations":[{"start":{"line":70,"column":82},"end":{"line":72,"column":15}}]},"21":{"type":"branch","line":72,"loc":{"start":{"line":72,"column":4},"end":{"line":74,"column":5}},"locations":[{"start":{"line":72,"column":4},"end":{"line":74,"column":5}}]},"22":{"type":"branch","line":72,"loc":{"start":{"line":72,"column":66},"end":{"line":74,"column":5}},"locations":[{"start":{"line":72,"column":66},"end":{"line":74,"column":5}}]},"23":{"type":"branch","line":82,"loc":{"start":{"line":82,"column":12},"end":{"line":82,"column":23}},"locations":[{"start":{"line":82,"column":12},"end":{"line":82,"column":23}}]},"24":{"type":"branch","line":86,"loc":{"start":{"line":86,"column":17},"end":{"line":86,"column":52}},"locations":[{"start":{"line":86,"column":17},"end":{"line":86,"column":52}}]},"25":{"type":"branch","line":86,"loc":{"start":{"line":86,"column":48},"end":{"line":86,"column":62}},"locations":[{"start":{"line":86,"column":48},"end":{"line":86,"column":62}}]},"26":{"type":"branch","line":90,"loc":{"start":{"line":90,"column":29},"end":{"line":90,"column":66}},"locations":[{"start":{"line":90,"column":29},"end":{"line":90,"column":66}}]},"27":{"type":"branch","line":91,"loc":{"start":{"line":91,"column":35},"end":{"line":91,"column":75}},"locations":[{"start":{"line":91,"column":35},"end":{"line":91,"column":75}}]},"28":{"type":"branch","line":92,"loc":{"start":{"line":92,"column":14},"end":{"line":92,"column":48}},"locations":[{"start":{"line":92,"column":14},"end":{"line":92,"column":48}}]},"29":{"type":"branch","line":110,"loc":{"start":{"line":110,"column":2},"end":{"line":150,"column":3}},"locations":[{"start":{"line":110,"column":2},"end":{"line":150,"column":3}}]},"30":{"type":"branch","line":113,"loc":{"start":{"line":113,"column":49},"end":{"line":132,"column":64}},"locations":[{"start":{"line":113,"column":49},"end":{"line":132,"column":64}}]},"31":{"type":"branch","line":133,"loc":{"start":{"line":133,"column":11},"end":{"line":133,"column":32}},"locations":[{"start":{"line":133,"column":11},"end":{"line":133,"column":32}}]},"32":{"type":"branch","line":133,"loc":{"start":{"line":133,"column":23},"end":{"line":133,"column":62}},"locations":[{"start":{"line":133,"column":23},"end":{"line":133,"column":62}}]},"33":{"type":"branch","line":133,"loc":{"start":{"line":133,"column":62},"end":{"line":141,"column":47}},"locations":[{"start":{"line":133,"column":62},"end":{"line":141,"column":47}}]},"34":{"type":"branch","line":142,"loc":{"start":{"line":142,"column":34},"end":{"line":142,"column":57}},"locations":[{"start":{"line":142,"column":34},"end":{"line":142,"column":57}}]},"35":{"type":"branch","line":144,"loc":{"start":{"line":144,"column":34},"end":{"line":144,"column":59}},"locations":[{"start":{"line":144,"column":34},"end":{"line":144,"column":59}}]}},"b":{"0":[5],"1":[5],"2":[28],"3":[27],"4":[1],"5":[14],"6":[0],"7":[0],"8":[14],"9":[3],"10":[11],"11":[3],"12":[8],"13":[1],"14":[1],"15":[13],"16":[4],"17":[1],"18":[3],"19":[9],"20":[1],"21":[8],"22":[0],"23":[1],"24":[5],"25":[9],"26":[7],"27":[3],"28":[5],"29":[14],"30":[0],"31":[0],"32":[0],"33":[0],"34":[0],"35":[0]},"fnMap":{"0":{"name":"<instance_members_initializer>","decl":{"start":{"line":25,"column":26},"end":{"line":151,"column":1}},"loc":{"start":{"line":25,"column":26},"end":{"line":151,"column":1}},"line":25},"1":{"name":"IntentParser","decl":{"start":{"line":30,"column":2},"end":{"line":32,"column":3}},"loc":{"start":{"line":30,"column":2},"end":{"line":32,"column":3}},"line":30},"2":{"name":"ensureClient","decl":{"start":{"line":34,"column":2},"end":{"line":38,"column":3}},"loc":{"start":{"line":34,"column":2},"end":{"line":38,"column":3}},"line":34},"3":{"name":"ensureSession","decl":{"start":{"line":40,"column":2},"end":{"line":46,"column":3}},"loc":{"start":{"line":40,"column":2},"end":{"line":46,"column":3}},"line":40},"4":{"name":"parseHeuristic","decl":{"start":{"line":49,"column":10},"end":{"line":102,"column":3}},"loc":{"start":{"line":49,"column":10},"end":{"line":102,"column":3}},"line":49},"5":{"name":"parse","decl":{"start":{"line":110,"column":2},"end":{"line":150,"column":3}},"loc":{"start":{"line":110,"column":2},"end":{"line":150,"column":3}},"line":110}},"f":{"0":5,"1":5,"2":28,"3":14,"4":14,"5":14}}
,"/Users/a523034406/projects/motrix-ai/packages/core/src/ai/keyword-generator.ts": {"path":"/Users/a523034406/projects/motrix-ai/packages/core/src/ai/keyword-generator.ts","all":false,"statementMap":{"7":{"start":{"line":8,"column":0},"end":{"line":8,"column":68}},"8":{"start":{"line":9,"column":0},"end":{"line":9,"column":31}},"9":{"start":{"line":10,"column":0},"end":{"line":10,"column":28}},"10":{"start":{"line":11,"column":0},"end":{"line":11,"column":25}},"11":{"start":{"line":12,"column":0},"end":{"line":12,"column":2}},"14":{"start":{"line":15,"column":0},"end":{"line":15,"column":60}},"22":{"start":{"line":23,"column":0},"end":{"line":23,"column":31}},"43":{"start":{"line":44,"column":0},"end":{"line":44,"column":46}},"44":{"start":{"line":45,"column":0},"end":{"line":45,"column":39}},"45":{"start":{"line":46,"column":0},"end":{"line":46,"column":59}},"47":{"start":{"line":48,"column":0},"end":{"line":48,"column":37}},"48":{"start":{"line":49,"column":0},"end":{"line":49,"column":31}},"51":{"start":{"line":52,"column":0},"end":{"line":52,"column":29}},"52":{"start":{"line":53,"column":0},"end":{"line":53,"column":51}},"54":{"start":{"line":55,"column":0},"end":{"line":55,"column":28}},"55":{"start":{"line":56,"column":0},"end":{"line":56,"column":19}},"56":{"start":{"line":57,"column":0},"end":{"line":57,"column":67}},"57":{"start":{"line":58,"column":0},"end":{"line":58,"column":14}},"58":{"start":{"line":59,"column":0},"end":{"line":59,"column":16}},"59":{"start":{"line":60,"column":0},"end":{"line":60,"column":64}},"60":{"start":{"line":61,"column":0},"end":{"line":61,"column":14}},"61":{"start":{"line":62,"column":0},"end":{"line":62,"column":19}},"62":{"start":{"line":63,"column":0},"end":{"line":63,"column":67}},"63":{"start":{"line":64,"column":0},"end":{"line":64,"column":14}},"64":{"start":{"line":65,"column":0},"end":{"line":65,"column":22}},"65":{"start":{"line":66,"column":0},"end":{"line":66,"column":55}},"66":{"start":{"line":67,"column":0},"end":{"line":67,"column":14}},"67":{"start":{"line":68,"column":0},"end":{"line":68,"column":19}},"68":{"start":{"line":69,"column":0},"end":{"line":69,"column":52}},"69":{"start":{"line":70,"column":0},"end":{"line":70,"column":14}},"70":{"start":{"line":71,"column":0},"end":{"line":71,"column":14}},"71":{"start":{"line":72,"column":0},"end":{"line":72,"column":54}},"72":{"start":{"line":73,"column":0},"end":{"line":73,"column":14}},"73":{"start":{"line":74,"column":0},"end":{"line":74,"column":5}},"76":{"start":{"line":77,"column":0},"end":{"line":77,"column":46}},"77":{"start":{"line":78,"column":0},"end":{"line":78,"column":33}},"78":{"start":{"line":79,"column":0},"end":{"line":79,"column":41}},"79":{"start":{"line":80,"column":0},"end":{"line":80,"column":5}},"81":{"start":{"line":82,"column":0},"end":{"line":82,"column":53}},"82":{"start":{"line":83,"column":0},"end":{"line":83,"column":3}},"88":{"start":{"line":89,"column":0},"end":{"line":89,"column":27}},"89":{"start":{"line":90,"column":0},"end":{"line":90,"column":26}},"90":{"start":{"line":91,"column":0},"end":{"line":91,"column":18}},"91":{"start":{"line":92,"column":0},"end":{"line":92,"column":18}},"92":{"start":{"line":93,"column":0},"end":{"line":93,"column":22}},"93":{"start":{"line":94,"column":0},"end":{"line":94,"column":11}},"95":{"start":{"line":96,"column":0},"end":{"line":96,"column":15}},"96":{"start":{"line":97,"column":0},"end":{"line":97,"column":39}},"97":{"start":{"line":98,"column":0},"end":{"line":98,"column":45}},"98":{"start":{"line":99,"column":0},"end":{"line":99,"column":5}},"101":{"start":{"line":102,"column":0},"end":{"line":102,"column":41}},"102":{"start":{"line":103,"column":0},"end":{"line":103,"column":42}},"103":{"start":{"line":104,"column":0},"end":{"line":104,"column":60}},"105":{"start":{"line":106,"column":0},"end":{"line":106,"column":50}},"106":{"start":{"line":107,"column":0},"end":{"line":107,"column":41}},"107":{"start":{"line":108,"column":0},"end":{"line":108,"column":7}},"108":{"start":{"line":109,"column":0},"end":{"line":109,"column":5}},"111":{"start":{"line":112,"column":0},"end":{"line":112,"column":35}},"112":{"start":{"line":113,"column":0},"end":{"line":113,"column":32}},"113":{"start":{"line":114,"column":0},"end":{"line":114,"column":36}},"114":{"start":{"line":115,"column":0},"end":{"line":115,"column":36}},"117":{"start":{"line":118,"column":0},"end":{"line":118,"column":42}},"118":{"start":{"line":119,"column":0},"end":{"line":119,"column":38}},"119":{"start":{"line":120,"column":0},"end":{"line":120,"column":5}},"122":{"start":{"line":123,"column":0},"end":{"line":123,"column":26}},"123":{"start":{"line":124,"column":0},"end":{"line":124,"column":39}},"124":{"start":{"line":125,"column":0},"end":{"line":125,"column":60}},"125":{"start":{"line":126,"column":0},"end":{"line":126,"column":37}},"126":{"start":{"line":127,"column":0},"end":{"line":127,"column":27}},"127":{"start":{"line":128,"column":0},"end":{"line":128,"column":38}},"128":{"start":{"line":129,"column":0},"end":{"line":129,"column":3}},"134":{"start":{"line":135,"column":0},"end":{"line":135,"column":24}},"135":{"start":{"line":136,"column":0},"end":{"line":136,"column":26}},"136":{"start":{"line":137,"column":0},"end":{"line":137,"column":18}},"137":{"start":{"line":138,"column":0},"end":{"line":138,"column":18}},"138":{"start":{"line":139,"column":0},"end":{"line":139,"column":22}},"139":{"start":{"line":140,"column":0},"end":{"line":140,"column":11}},"140":{"start":{"line":141,"column":0},"end":{"line":141,"column":32}},"141":{"start":{"line":142,"column":0},"end":{"line":142,"column":32}},"142":{"start":{"line":143,"column":0},"end":{"line":143,"column":38}},"143":{"start":{"line":144,"column":0},"end":{"line":144,"column":36}},"144":{"start":{"line":145,"column":0},"end":{"line":145,"column":33}},"146":{"start":{"line":147,"column":0},"end":{"line":147,"column":15}},"147":{"start":{"line":148,"column":0},"end":{"line":148,"column":39}},"148":{"start":{"line":149,"column":0},"end":{"line":149,"column":5}},"150":{"start":{"line":151,"column":0},"end":{"line":151,"column":41}},"151":{"start":{"line":152,"column":0},"end":{"line":152,"column":42}},"152":{"start":{"line":153,"column":0},"end":{"line":153,"column":5}},"154":{"start":{"line":155,"column":0},"end":{"line":155,"column":42}},"155":{"start":{"line":156,"column":0},"end":{"line":156,"column":38}},"156":{"start":{"line":157,"column":0},"end":{"line":157,"column":5}},"157":{"start":{"line":158,"column":0},"end":{"line":158,"column":3}},"163":{"start":{"line":164,"column":0},"end":{"line":164,"column":27}},"164":{"start":{"line":165,"column":0},"end":{"line":165,"column":26}},"165":{"start":{"line":166,"column":0},"end":{"line":166,"column":18}},"166":{"start":{"line":167,"column":0},"end":{"line":167,"column":18}},"167":{"start":{"line":168,"column":0},"end":{"line":168,"column":22}},"168":{"start":{"line":169,"column":0},"end":{"line":169,"column":11}},"169":{"start":{"line":170,"column":0},"end":{"line":170,"column":35}},"170":{"start":{"line":171,"column":0},"end":{"line":171,"column":32}},"171":{"start":{"line":172,"column":0},"end":{"line":172,"column":32}},"172":{"start":{"line":173,"column":0},"end":{"line":173,"column":32}},"173":{"start":{"line":174,"column":0},"end":{"line":174,"column":36}},"175":{"start":{"line":176,"column":0},"end":{"line":176,"column":15}},"176":{"start":{"line":177,"column":0},"end":{"line":177,"column":39}},"177":{"start":{"line":178,"column":0},"end":{"line":178,"column":5}},"179":{"start":{"line":180,"column":0},"end":{"line":180,"column":41}},"180":{"start":{"line":181,"column":0},"end":{"line":181,"column":42}},"181":{"start":{"line":182,"column":0},"end":{"line":182,"column":5}},"183":{"start":{"line":184,"column":0},"end":{"line":184,"column":42}},"184":{"start":{"line":185,"column":0},"end":{"line":185,"column":38}},"185":{"start":{"line":186,"column":0},"end":{"line":186,"column":5}},"186":{"start":{"line":187,"column":0},"end":{"line":187,"column":3}},"192":{"start":{"line":193,"column":0},"end":{"line":193,"column":75}},"193":{"start":{"line":194,"column":0},"end":{"line":194,"column":38}},"194":{"start":{"line":195,"column":0},"end":{"line":195,"column":32}},"195":{"start":{"line":196,"column":0},"end":{"line":196,"column":38}},"196":{"start":{"line":197,"column":0},"end":{"line":197,"column":35}},"197":{"start":{"line":198,"column":0},"end":{"line":198,"column":38}},"200":{"start":{"line":201,"column":0},"end":{"line":201,"column":63}},"201":{"start":{"line":202,"column":0},"end":{"line":202,"column":23}},"202":{"start":{"line":203,"column":0},"end":{"line":203,"column":38}},"203":{"start":{"line":204,"column":0},"end":{"line":204,"column":42}},"204":{"start":{"line":205,"column":0},"end":{"line":205,"column":79}},"205":{"start":{"line":206,"column":0},"end":{"line":206,"column":5}},"207":{"start":{"line":208,"column":0},"end":{"line":208,"column":42}},"208":{"start":{"line":209,"column":0},"end":{"line":209,"column":38}},"209":{"start":{"line":210,"column":0},"end":{"line":210,"column":5}},"210":{"start":{"line":211,"column":0},"end":{"line":211,"column":3}},"216":{"start":{"line":217,"column":0},"end":{"line":217,"column":72}},"217":{"start":{"line":218,"column":0},"end":{"line":218,"column":35}},"218":{"start":{"line":219,"column":0},"end":{"line":219,"column":32}},"219":{"start":{"line":220,"column":0},"end":{"line":220,"column":34}},"220":{"start":{"line":221,"column":0},"end":{"line":221,"column":33}},"221":{"start":{"line":222,"column":0},"end":{"line":222,"column":41}},"224":{"start":{"line":225,"column":0},"end":{"line":225,"column":46}},"225":{"start":{"line":226,"column":0},"end":{"line":226,"column":27}},"226":{"start":{"line":227,"column":0},"end":{"line":227,"column":61}},"227":{"start":{"line":228,"column":0},"end":{"line":228,"column":61}},"228":{"start":{"line":229,"column":0},"end":{"line":229,"column":56}},"229":{"start":{"line":230,"column":0},"end":{"line":230,"column":48}},"230":{"start":{"line":231,"column":0},"end":{"line":231,"column":5}},"232":{"start":{"line":233,"column":0},"end":{"line":233,"column":38}},"233":{"start":{"line":234,"column":0},"end":{"line":234,"column":37}},"234":{"start":{"line":235,"column":0},"end":{"line":235,"column":3}},"239":{"start":{"line":240,"column":0},"end":{"line":240,"column":74}},"240":{"start":{"line":241,"column":0},"end":{"line":241,"column":42}},"241":{"start":{"line":242,"column":0},"end":{"line":242,"column":38}},"242":{"start":{"line":243,"column":0},"end":{"line":243,"column":5}},"243":{"start":{"line":244,"column":0},"end":{"line":244,"column":32}},"244":{"start":{"line":245,"column":0},"end":{"line":245,"column":3}},"245":{"start":{"line":246,"column":0},"end":{"line":246,"column":1}}},"s":{"7":1,"8":1,"9":1,"10":1,"11":1,"14":1,"22":1,"43":1,"44":25,"45":25,"47":25,"48":25,"51":21,"52":21,"54":21,"55":25,"56":10,"57":10,"58":25,"59":2,"60":2,"61":25,"62":1,"63":1,"64":25,"65":3,"66":3,"67":25,"68":3,"69":3,"70":25,"71":2,"72":2,"73":25,"76":25,"77":17,"78":17,"79":17,"81":21,"82":25,"88":1,"89":10,"90":10,"91":10,"92":10,"93":10,"95":10,"96":7,"97":7,"98":7,"101":10,"102":7,"103":7,"105":7,"106":15,"107":15,"108":7,"111":10,"112":10,"113":10,"114":10,"117":10,"118":30,"119":30,"122":10,"123":10,"124":10,"125":10,"126":10,"127":10,"128":10,"134":1,"135":2,"136":2,"137":2,"138":2,"139":2,"140":2,"141":2,"142":2,"143":2,"144":2,"146":2,"147":0,"148":0,"150":2,"151":0,"152":0,"154":2,"155":6,"156":6,"157":2,"163":1,"164":1,"165":1,"166":1,"167":1,"168":1,"169":1,"170":1,"171":1,"172":1,"173":1,"175":1,"176":0,"177":0,"179":1,"180":0,"181":0,"183":1,"184":3,"185":3,"186":1,"192":1,"193":3,"194":3,"195":3,"196":3,"197":3,"200":3,"201":3,"202":2,"203":2,"204":2,"205":2,"207":3,"208":9,"209":9,"210":3,"216":1,"217":3,"218":3,"219":3,"220":3,"221":3,"224":3,"225":3,"226":2,"227":2,"228":2,"229":2,"230":2,"232":3,"233":3,"234":3,"239":1,"240":2,"241":6,"242":6,"243":2,"244":2,"245":1},"branchMap":{"0":{"type":"branch","line":44,"loc":{"start":{"line":44,"column":2},"end":{"line":83,"column":3}},"locations":[{"start":{"line":44,"column":2},"end":{"line":83,"column":3}}]},"1":{"type":"branch","line":49,"loc":{"start":{"line":49,"column":21},"end":{"line":49,"column":31}},"locations":[{"start":{"line":49,"column":21},"end":{"line":49,"column":31}}]},"2":{"type":"branch","line":49,"loc":{"start":{"line":49,"column":29},"end":{"line":55,"column":28}},"locations":[{"start":{"line":49,"column":29},"end":{"line":55,"column":28}}]},"3":{"type":"branch","line":56,"loc":{"start":{"line":56,"column":6},"end":{"line":58,"column":14}},"locations":[{"start":{"line":56,"column":6},"end":{"line":58,"column":14}}]},"4":{"type":"branch","line":59,"loc":{"start":{"line":59,"column":6},"end":{"line":61,"column":14}},"locations":[{"start":{"line":59,"column":6},"end":{"line":61,"column":14}}]},"5":{"type":"branch","line":62,"loc":{"start":{"line":62,"column":6},"end":{"line":64,"column":14}},"locations":[{"start":{"line":62,"column":6},"end":{"line":64,"column":14}}]},"6":{"type":"branch","line":65,"loc":{"start":{"line":65,"column":6},"end":{"line":67,"column":14}},"locations":[{"start":{"line":65,"column":6},"end":{"line":67,"column":14}}]},"7":{"type":"branch","line":68,"loc":{"start":{"line":68,"column":6},"end":{"line":70,"column":14}},"locations":[{"start":{"line":68,"column":6},"end":{"line":70,"column":14}}]},"8":{"type":"branch","line":71,"loc":{"start":{"line":71,"column":6},"end":{"line":73,"column":14}},"locations":[{"start":{"line":71,"column":6},"end":{"line":73,"column":14}}]},"9":{"type":"branch","line":74,"loc":{"start":{"line":74,"column":4},"end":{"line":77,"column":45}},"locations":[{"start":{"line":74,"column":4},"end":{"line":77,"column":45}}]},"10":{"type":"branch","line":77,"loc":{"start":{"line":77,"column":45},"end":{"line":80,"column":5}},"locations":[{"start":{"line":77,"column":45},"end":{"line":80,"column":5}}]},"11":{"type":"branch","line":80,"loc":{"start":{"line":80,"column":4},"end":{"line":82,"column":53}},"locations":[{"start":{"line":80,"column":4},"end":{"line":82,"column":53}}]},"12":{"type":"branch","line":82,"loc":{"start":{"line":82,"column":32},"end":{"line":82,"column":51}},"locations":[{"start":{"line":82,"column":32},"end":{"line":82,"column":51}}]},"13":{"type":"branch","line":89,"loc":{"start":{"line":89,"column":10},"end":{"line":129,"column":3}},"locations":[{"start":{"line":89,"column":10},"end":{"line":129,"column":3}}]},"14":{"type":"branch","line":96,"loc":{"start":{"line":96,"column":14},"end":{"line":99,"column":5}},"locations":[{"start":{"line":96,"column":14},"end":{"line":99,"column":5}}]},"15":{"type":"branch","line":102,"loc":{"start":{"line":102,"column":8},"end":{"line":102,"column":40}},"locations":[{"start":{"line":102,"column":8},"end":{"line":102,"column":40}}]},"16":{"type":"branch","line":102,"loc":{"start":{"line":102,"column":40},"end":{"line":109,"column":5}},"locations":[{"start":{"line":102,"column":40},"end":{"line":109,"column":5}}]},"17":{"type":"branch","line":106,"loc":{"start":{"line":106,"column":49},"end":{"line":108,"column":7}},"locations":[{"start":{"line":106,"column":49},"end":{"line":108,"column":7}}]},"18":{"type":"branch","line":118,"loc":{"start":{"line":118,"column":41},"end":{"line":120,"column":5}},"locations":[{"start":{"line":118,"column":41},"end":{"line":120,"column":5}}]},"19":{"type":"branch","line":124,"loc":{"start":{"line":124,"column":14},"end":{"line":124,"column":39}},"locations":[{"start":{"line":124,"column":14},"end":{"line":124,"column":39}}]},"20":{"type":"branch","line":125,"loc":{"start":{"line":125,"column":8},"end":{"line":125,"column":40}},"locations":[{"start":{"line":125,"column":8},"end":{"line":125,"column":40}}]},"21":{"type":"branch","line":125,"loc":{"start":{"line":125,"column":40},"end":{"line":125,"column":60}},"locations":[{"start":{"line":125,"column":40},"end":{"line":125,"column":60}}]},"22":{"type":"branch","line":135,"loc":{"start":{"line":135,"column":10},"end":{"line":158,"column":3}},"locations":[{"start":{"line":135,"column":10},"end":{"line":158,"column":3}}]},"23":{"type":"branch","line":147,"loc":{"start":{"line":147,"column":14},"end":{"line":149,"column":5}},"locations":[{"start":{"line":147,"column":14},"end":{"line":149,"column":5}}]},"24":{"type":"branch","line":151,"loc":{"start":{"line":151,"column":8},"end":{"line":151,"column":40}},"locations":[{"start":{"line":151,"column":8},"end":{"line":151,"column":40}}]},"25":{"type":"branch","line":151,"loc":{"start":{"line":151,"column":40},"end":{"line":153,"column":5}},"locations":[{"start":{"line":151,"column":40},"end":{"line":153,"column":5}}]},"26":{"type":"branch","line":155,"loc":{"start":{"line":155,"column":41},"end":{"line":157,"column":5}},"locations":[{"start":{"line":155,"column":41},"end":{"line":157,"column":5}}]},"27":{"type":"branch","line":164,"loc":{"start":{"line":164,"column":10},"end":{"line":187,"column":3}},"locations":[{"start":{"line":164,"column":10},"end":{"line":187,"column":3}}]},"28":{"type":"branch","line":176,"loc":{"start":{"line":176,"column":14},"end":{"line":178,"column":5}},"locations":[{"start":{"line":176,"column":14},"end":{"line":178,"column":5}}]},"29":{"type":"branch","line":180,"loc":{"start":{"line":180,"column":8},"end":{"line":180,"column":40}},"locations":[{"start":{"line":180,"column":8},"end":{"line":180,"column":40}}]},"30":{"type":"branch","line":180,"loc":{"start":{"line":180,"column":40},"end":{"line":182,"column":5}},"locations":[{"start":{"line":180,"column":40},"end":{"line":182,"column":5}}]},"31":{"type":"branch","line":184,"loc":{"start":{"line":184,"column":41},"end":{"line":186,"column":5}},"locations":[{"start":{"line":184,"column":41},"end":{"line":186,"column":5}}]},"32":{"type":"branch","line":193,"loc":{"start":{"line":193,"column":10},"end":{"line":211,"column":3}},"locations":[{"start":{"line":193,"column":10},"end":{"line":211,"column":3}}]},"33":{"type":"branch","line":202,"loc":{"start":{"line":202,"column":22},"end":{"line":206,"column":5}},"locations":[{"start":{"line":202,"column":22},"end":{"line":206,"column":5}}]},"34":{"type":"branch","line":208,"loc":{"start":{"line":208,"column":41},"end":{"line":210,"column":5}},"locations":[{"start":{"line":208,"column":41},"end":{"line":210,"column":5}}]},"35":{"type":"branch","line":217,"loc":{"start":{"line":217,"column":10},"end":{"line":235,"column":3}},"locations":[{"start":{"line":217,"column":10},"end":{"line":235,"column":3}}]},"36":{"type":"branch","line":226,"loc":{"start":{"line":226,"column":26},"end":{"line":231,"column":5}},"locations":[{"start":{"line":226,"column":26},"end":{"line":231,"column":5}}]},"37":{"type":"branch","line":240,"loc":{"start":{"line":240,"column":10},"end":{"line":245,"column":3}},"locations":[{"start":{"line":240,"column":10},"end":{"line":245,"column":3}}]},"38":{"type":"branch","line":241,"loc":{"start":{"line":241,"column":41},"end":{"line":243,"column":5}},"locations":[{"start":{"line":241,"column":41},"end":{"line":243,"column":5}}]}},"b":{"0":[25],"1":[4],"2":[21],"3":[10],"4":[2],"5":[1],"6":[3],"7":[3],"8":[2],"9":[21],"10":[17],"11":[21],"12":[222],"13":[10],"14":[7],"15":[7],"16":[7],"17":[15],"18":[30],"19":[7],"20":[7],"21":[7],"22":[2],"23":[0],"24":[0],"25":[0],"26":[6],"27":[1],"28":[0],"29":[0],"30":[0],"31":[3],"32":[3],"33":[2],"34":[9],"35":[3],"36":[2],"37":[2],"38":[6]},"fnMap":{"0":{"name":"generate","decl":{"start":{"line":44,"column":2},"end":{"line":83,"column":3}},"loc":{"start":{"line":44,"column":2},"end":{"line":83,"column":3}},"line":44},"1":{"name":"addMovieKeywords","decl":{"start":{"line":89,"column":10},"end":{"line":129,"column":3}},"loc":{"start":{"line":89,"column":10},"end":{"line":129,"column":3}},"line":89},"2":{"name":"addTvKeywords","decl":{"start":{"line":135,"column":10},"end":{"line":158,"column":3}},"loc":{"start":{"line":135,"column":10},"end":{"line":158,"column":3}},"line":135},"3":{"name":"addAnimeKeywords","decl":{"start":{"line":164,"column":10},"end":{"line":187,"column":3}},"loc":{"start":{"line":164,"column":10},"end":{"line":187,"column":3}},"line":164},"4":{"name":"addSoftwareKeywords","decl":{"start":{"line":193,"column":10},"end":{"line":211,"column":3}},"loc":{"start":{"line":193,"column":10},"end":{"line":211,"column":3}},"line":193},"5":{"name":"addMusicKeywords","decl":{"start":{"line":217,"column":10},"end":{"line":235,"column":3}},"loc":{"start":{"line":217,"column":10},"end":{"line":235,"column":3}},"line":217},"6":{"name":"addGenericKeywords","decl":{"start":{"line":240,"column":10},"end":{"line":245,"column":3}},"loc":{"start":{"line":240,"column":10},"end":{"line":245,"column":3}},"line":240}},"f":{"0":25,"1":10,"2":2,"3":1,"4":3,"5":3,"6":2}}
,"/Users/a523034406/projects/motrix-ai/packages/core/src/ai/result-evaluator.ts": {"path":"/Users/a523034406/projects/motrix-ai/packages/core/src/ai/result-evaluator.ts","all":false,"statementMap":{"7":{"start":{"line":8,"column":0},"end":{"line":8,"column":21}},"8":{"start":{"line":9,"column":0},"end":{"line":9,"column":21}},"11":{"start":{"line":12,"column":0},"end":{"line":12,"column":61}},"12":{"start":{"line":13,"column":0},"end":{"line":13,"column":27}},"13":{"start":{"line":14,"column":0},"end":{"line":14,"column":24}},"14":{"start":{"line":15,"column":0},"end":{"line":15,"column":31}},"15":{"start":{"line":16,"column":0},"end":{"line":16,"column":27}},"16":{"start":{"line":17,"column":0},"end":{"line":17,"column":29}},"17":{"start":{"line":18,"column":0},"end":{"line":18,"column":23}},"18":{"start":{"line":19,"column":0},"end":{"line":19,"column":2}},"21":{"start":{"line":22,"column":0},"end":{"line":22,"column":27}},"22":{"start":{"line":23,"column":0},"end":{"line":23,"column":24}},"23":{"start":{"line":24,"column":0},"end":{"line":24,"column":27}},"26":{"start":{"line":27,"column":0},"end":{"line":27,"column":64}},"27":{"start":{"line":28,"column":0},"end":{"line":28,"column":18}},"28":{"start":{"line":29,"column":0},"end":{"line":29,"column":20}},"29":{"start":{"line":30,"column":0},"end":{"line":30,"column":17}},"30":{"start":{"line":31,"column":0},"end":{"line":31,"column":2}},"46":{"start":{"line":47,"column":0},"end":{"line":47,"column":30}},"56":{"start":{"line":57,"column":0},"end":{"line":57,"column":77}},"57":{"start":{"line":58,"column":0},"end":{"line":58,"column":40}},"59":{"start":{"line":60,"column":0},"end":{"line":60,"column":69}},"61":{"start":{"line":62,"column":0},"end":{"line":62,"column":60}},"62":{"start":{"line":63,"column":0},"end":{"line":63,"column":73}},"63":{"start":{"line":64,"column":0},"end":{"line":64,"column":74}},"64":{"start":{"line":65,"column":0},"end":{"line":65,"column":77}},"66":{"start":{"line":67,"column":0},"end":{"line":67,"column":19}},"67":{"start":{"line":68,"column":0},"end":{"line":68,"column":39}},"68":{"start":{"line":69,"column":0},"end":{"line":69,"column":33}},"69":{"start":{"line":70,"column":0},"end":{"line":70,"column":38}},"71":{"start":{"line":72,"column":0},"end":{"line":72,"column":31}},"72":{"start":{"line":73,"column":0},"end":{"line":73,"column":7}},"74":{"start":{"line":75,"column":0},"end":{"line":75,"column":45}},"76":{"start":{"line":77,"column":0},"end":{"line":77,"column":39}},"77":{"start":{"line":78,"column":0},"end":{"line":78,"column":3}},"86":{"start":{"line":87,"column":0},"end":{"line":87,"column":82}},"87":{"start":{"line":88,"column":0},"end":{"line":88,"column":50}},"88":{"start":{"line":89,"column":0},"end":{"line":89,"column":48}},"89":{"start":{"line":90,"column":0},"end":{"line":90,"column":3}},"95":{"start":{"line":96,"column":0},"end":{"line":96,"column":69}},"96":{"start":{"line":97,"column":0},"end":{"line":97,"column":34}},"97":{"start":{"line":98,"column":0},"end":{"line":98,"column":45}},"98":{"start":{"line":99,"column":0},"end":{"line":99,"column":3}},"107":{"start":{"line":108,"column":0},"end":{"line":108,"column":71}},"108":{"start":{"line":109,"column":0},"end":{"line":109,"column":59}},"111":{"start":{"line":112,"column":0},"end":{"line":112,"column":60}},"114":{"start":{"line":115,"column":0},"end":{"line":115,"column":30}},"117":{"start":{"line":118,"column":0},"end":{"line":118,"column":55}},"120":{"start":{"line":121,"column":0},"end":{"line":121,"column":65}},"123":{"start":{"line":124,"column":0},"end":{"line":124,"column":13}},"124":{"start":{"line":125,"column":0},"end":{"line":125,"column":3}},"137":{"start":{"line":138,"column":0},"end":{"line":138,"column":23}},"138":{"start":{"line":139,"column":0},"end":{"line":139,"column":39}},"139":{"start":{"line":140,"column":0},"end":{"line":140,"column":39}},"140":{"start":{"line":141,"column":0},"end":{"line":141,"column":13}},"142":{"start":{"line":143,"column":0},"end":{"line":143,"column":64}},"145":{"start":{"line":146,"column":0},"end":{"line":146,"column":64}},"148":{"start":{"line":149,"column":0},"end":{"line":149,"column":50}},"151":{"start":{"line":152,"column":0},"end":{"line":152,"column":49}},"152":{"start":{"line":153,"column":0},"end":{"line":153,"column":10}},"153":{"start":{"line":154,"column":0},"end":{"line":154,"column":57}},"154":{"start":{"line":155,"column":0},"end":{"line":155,"column":54}},"155":{"start":{"line":156,"column":0},"end":{"line":156,"column":9}},"156":{"start":{"line":157,"column":0},"end":{"line":157,"column":21}},"157":{"start":{"line":158,"column":0},"end":{"line":158,"column":7}},"158":{"start":{"line":159,"column":0},"end":{"line":159,"column":5}},"161":{"start":{"line":162,"column":0},"end":{"line":162,"column":13}},"162":{"start":{"line":163,"column":0},"end":{"line":163,"column":3}},"163":{"start":{"line":164,"column":0},"end":{"line":164,"column":1}}},"s":{"7":1,"8":1,"11":1,"12":1,"13":1,"14":1,"15":1,"16":1,"17":1,"18":1,"21":1,"22":1,"23":1,"26":1,"27":1,"28":1,"29":1,"30":1,"46":1,"56":1,"57":11,"59":8,"61":8,"62":30,"63":30,"64":30,"66":30,"67":30,"68":30,"69":30,"71":30,"72":8,"74":8,"76":8,"77":11,"86":1,"87":7,"88":7,"89":7,"95":1,"96":30,"97":30,"98":30,"107":1,"108":30,"111":30,"114":30,"117":30,"120":30,"123":5,"124":30,"137":1,"138":30,"139":30,"140":30,"142":30,"145":30,"148":30,"151":30,"152":17,"153":17,"154":11,"155":17,"156":11,"157":11,"158":17,"161":0,"162":30,"163":1},"branchMap":{"0":{"type":"branch","line":57,"loc":{"start":{"line":57,"column":2},"end":{"line":78,"column":3}},"locations":[{"start":{"line":57,"column":2},"end":{"line":78,"column":3}}]},"1":{"type":"branch","line":58,"loc":{"start":{"line":58,"column":30},"end":{"line":58,"column":40}},"locations":[{"start":{"line":58,"column":30},"end":{"line":58,"column":40}}]},"2":{"type":"branch","line":58,"loc":{"start":{"line":58,"column":38},"end":{"line":77,"column":39}},"locations":[{"start":{"line":58,"column":38},"end":{"line":77,"column":39}}]},"3":{"type":"branch","line":60,"loc":{"start":{"line":60,"column":47},"end":{"line":60,"column":63}},"locations":[{"start":{"line":60,"column":47},"end":{"line":60,"column":63}}]},"4":{"type":"branch","line":62,"loc":{"start":{"line":62,"column":47},"end":{"line":73,"column":5}},"locations":[{"start":{"line":62,"column":47},"end":{"line":73,"column":5}}]},"5":{"type":"branch","line":75,"loc":{"start":{"line":75,"column":16},"end":{"line":75,"column":43}},"locations":[{"start":{"line":75,"column":16},"end":{"line":75,"column":43}}]},"6":{"type":"branch","line":77,"loc":{"start":{"line":77,"column":22},"end":{"line":77,"column":37}},"locations":[{"start":{"line":77,"column":22},"end":{"line":77,"column":37}}]},"7":{"type":"branch","line":87,"loc":{"start":{"line":87,"column":2},"end":{"line":90,"column":3}},"locations":[{"start":{"line":87,"column":2},"end":{"line":90,"column":3}}]},"8":{"type":"branch","line":89,"loc":{"start":{"line":89,"column":27},"end":{"line":89,"column":43}},"locations":[{"start":{"line":89,"column":27},"end":{"line":89,"column":43}}]},"9":{"type":"branch","line":89,"loc":{"start":{"line":89,"column":39},"end":{"line":89,"column":48}},"locations":[{"start":{"line":89,"column":39},"end":{"line":89,"column":48}}]},"10":{"type":"branch","line":96,"loc":{"start":{"line":96,"column":10},"end":{"line":99,"column":3}},"locations":[{"start":{"line":96,"column":10},"end":{"line":99,"column":3}}]},"11":{"type":"branch","line":97,"loc":{"start":{"line":97,"column":25},"end":{"line":97,"column":34}},"locations":[{"start":{"line":97,"column":25},"end":{"line":97,"column":34}}]},"12":{"type":"branch","line":108,"loc":{"start":{"line":108,"column":10},"end":{"line":125,"column":3}},"locations":[{"start":{"line":108,"column":10},"end":{"line":125,"column":3}}]},"13":{"type":"branch","line":112,"loc":{"start":{"line":112,"column":21},"end":{"line":112,"column":49}},"locations":[{"start":{"line":112,"column":21},"end":{"line":112,"column":49}}]},"14":{"type":"branch","line":112,"loc":{"start":{"line":112,"column":49},"end":{"line":112,"column":60}},"locations":[{"start":{"line":112,"column":49},"end":{"line":112,"column":60}}]},"15":{"type":"branch","line":115,"loc":{"start":{"line":115,"column":19},"end":{"line":115,"column":30}},"locations":[{"start":{"line":115,"column":19},"end":{"line":115,"column":30}}]},"16":{"type":"branch","line":118,"loc":{"start":{"line":118,"column":16},"end":{"line":118,"column":46}},"locations":[{"start":{"line":118,"column":16},"end":{"line":118,"column":46}}]},"17":{"type":"branch","line":118,"loc":{"start":{"line":118,"column":46},"end":{"line":118,"column":55}},"locations":[{"start":{"line":118,"column":46},"end":{"line":118,"column":55}}]},"18":{"type":"branch","line":118,"loc":{"start":{"line":118,"column":53},"end":{"line":121,"column":32}},"locations":[{"start":{"line":118,"column":53},"end":{"line":121,"column":32}}]},"19":{"type":"branch","line":121,"loc":{"start":{"line":121,"column":27},"end":{"line":121,"column":54}},"locations":[{"start":{"line":121,"column":27},"end":{"line":121,"column":54}}]},"20":{"type":"branch","line":121,"loc":{"start":{"line":121,"column":54},"end":{"line":121,"column":65}},"locations":[{"start":{"line":121,"column":54},"end":{"line":121,"column":65}}]},"21":{"type":"branch","line":121,"loc":{"start":{"line":121,"column":61},"end":{"line":124,"column":13}},"locations":[{"start":{"line":121,"column":61},"end":{"line":124,"column":13}}]},"22":{"type":"branch","line":138,"loc":{"start":{"line":138,"column":10},"end":{"line":163,"column":3}},"locations":[{"start":{"line":138,"column":10},"end":{"line":163,"column":3}}]},"23":{"type":"branch","line":143,"loc":{"start":{"line":143,"column":53},"end":{"line":143,"column":64}},"locations":[{"start":{"line":143,"column":53},"end":{"line":143,"column":64}}]},"24":{"type":"branch","line":143,"loc":{"start":{"line":143,"column":60},"end":{"line":146,"column":26}},"locations":[{"start":{"line":143,"column":60},"end":{"line":146,"column":26}}]},"25":{"type":"branch","line":146,"loc":{"start":{"line":146,"column":9},"end":{"line":146,"column":53}},"locations":[{"start":{"line":146,"column":9},"end":{"line":146,"column":53}}]},"26":{"type":"branch","line":146,"loc":{"start":{"line":146,"column":53},"end":{"line":146,"column":64}},"locations":[{"start":{"line":146,"column":53},"end":{"line":146,"column":64}}]},"27":{"type":"branch","line":146,"loc":{"start":{"line":146,"column":60},"end":{"line":149,"column":48}},"locations":[{"start":{"line":146,"column":60},"end":{"line":149,"column":48}}]},"28":{"type":"branch","line":149,"loc":{"start":{"line":149,"column":41},"end":{"line":152,"column":48}},"locations":[{"start":{"line":149,"column":41},"end":{"line":152,"column":48}}]},"29":{"type":"branch","line":152,"loc":{"start":{"line":152,"column":48},"end":{"line":159,"column":5}},"locations":[{"start":{"line":152,"column":48},"end":{"line":159,"column":5}}]},"30":{"type":"branch","line":154,"loc":{"start":{"line":154,"column":27},"end":{"line":154,"column":57}},"locations":[{"start":{"line":154,"column":27},"end":{"line":154,"column":57}}]},"31":{"type":"branch","line":154,"loc":{"start":{"line":154,"column":51},"end":{"line":155,"column":54}},"locations":[{"start":{"line":154,"column":51},"end":{"line":155,"column":54}}]},"32":{"type":"branch","line":156,"loc":{"start":{"line":156,"column":8},"end":{"line":158,"column":7}},"locations":[{"start":{"line":156,"column":8},"end":{"line":158,"column":7}}]},"33":{"type":"branch","line":159,"loc":{"start":{"line":159,"column":4},"end":{"line":162,"column":13}},"locations":[{"start":{"line":159,"column":4},"end":{"line":162,"column":13}}]}},"b":{"0":[11],"1":[3],"2":[8],"3":[30],"4":[30],"5":[42],"6":[30],"7":[7],"8":[5],"9":[2],"10":[30],"11":[0],"12":[30],"13":[0],"14":[0],"15":[0],"16":[25],"17":[25],"18":[5],"19":[0],"20":[0],"21":[5],"22":[30],"23":[2],"24":[28],"25":[22],"26":[6],"27":[22],"28":[11],"29":[17],"30":[6],"31":[11],"32":[11],"33":[0]},"fnMap":{"0":{"name":"evaluate","decl":{"start":{"line":57,"column":2},"end":{"line":78,"column":3}},"loc":{"start":{"line":57,"column":2},"end":{"line":78,"column":3}},"line":57},"1":{"name":"pickBest","decl":{"start":{"line":87,"column":2},"end":{"line":90,"column":3}},"loc":{"start":{"line":87,"column":2},"end":{"line":90,"column":3}},"line":87},"2":{"name":"scoreSeeders","decl":{"start":{"line":96,"column":10},"end":{"line":99,"column":3}},"loc":{"start":{"line":96,"column":10},"end":{"line":99,"column":3}},"line":96},"3":{"name":"scoreSize","decl":{"start":{"line":108,"column":10},"end":{"line":125,"column":3}},"loc":{"start":{"line":108,"column":10},"end":{"line":125,"column":3}},"line":108},"4":{"name":"scoreQuality","decl":{"start":{"line":138,"column":10},"end":{"line":163,"column":3}},"loc":{"start":{"line":138,"column":10},"end":{"line":163,"column":3}},"line":138}},"f":{"0":11,"1":7,"2":30,"3":30,"4":30}}
,"/Users/a523034406/projects/motrix-ai/packages/core/src/archive/sync.ts": {"path":"/Users/a523034406/projects/motrix-ai/packages/core/src/archive/sync.ts","all":true,"statementMap":{"0":{"start":{"line":1,"column":0},"end":{"line":1,"column":30}},"9":{"start":{"line":10,"column":0},"end":{"line":10,"column":38}},"11":{"start":{"line":12,"column":0},"end":{"line":12,"column":33}},"27":{"start":{"line":28,"column":0},"end":{"line":28,"column":26}},"28":{"start":{"line":29,"column":0},"end":{"line":29,"column":27}},"33":{"start":{"line":34,"column":0},"end":{"line":34,"column":34}},"34":{"start":{"line":35,"column":0},"end":{"line":35,"column":24}},"35":{"start":{"line":36,"column":0},"end":{"line":36,"column":3}},"51":{"start":{"line":52,"column":0},"end":{"line":52,"column":17}},"52":{"start":{"line":53,"column":0},"end":{"line":53,"column":21}},"53":{"start":{"line":54,"column":0},"end":{"line":54,"column":31}},"54":{"start":{"line":55,"column":0},"end":{"line":55,"column":33}},"55":{"start":{"line":56,"column":0},"end":{"line":56,"column":49}},"57":{"start":{"line":58,"column":0},"end":{"line":58,"column":48}},"58":{"start":{"line":59,"column":0},"end":{"line":59,"column":28}},"60":{"start":{"line":61,"column":0},"end":{"line":61,"column":44}},"61":{"start":{"line":62,"column":0},"end":{"line":62,"column":70}},"63":{"start":{"line":64,"column":0},"end":{"line":64,"column":56}},"64":{"start":{"line":65,"column":0},"end":{"line":65,"column":57}},"66":{"start":{"line":67,"column":0},"end":{"line":67,"column":33}},"67":{"start":{"line":68,"column":0},"end":{"line":68,"column":3}},"78":{"start":{"line":79,"column":0},"end":{"line":79,"column":65}},"79":{"start":{"line":80,"column":0},"end":{"line":80,"column":9}},"80":{"start":{"line":81,"column":0},"end":{"line":81,"column":70}},"81":{"start":{"line":82,"column":0},"end":{"line":82,"column":68}},"82":{"start":{"line":83,"column":0},"end":{"line":83,"column":46}},"83":{"start":{"line":84,"column":0},"end":{"line":84,"column":17}},"84":{"start":{"line":85,"column":0},"end":{"line":85,"column":13}},"85":{"start":{"line":86,"column":0},"end":{"line":86,"column":18}},"86":{"start":{"line":87,"column":0},"end":{"line":87,"column":5}},"87":{"start":{"line":88,"column":0},"end":{"line":88,"column":3}},"97":{"start":{"line":98,"column":0},"end":{"line":98,"column":77}},"98":{"start":{"line":99,"column":0},"end":{"line":99,"column":44}},"100":{"start":{"line":101,"column":0},"end":{"line":101,"column":31}},"101":{"start":{"line":102,"column":0},"end":{"line":102,"column":11}},"102":{"start":{"line":103,"column":0},"end":{"line":103,"column":47}},"103":{"start":{"line":104,"column":0},"end":{"line":104,"column":21}},"105":{"start":{"line":106,"column":0},"end":{"line":106,"column":53}},"106":{"start":{"line":107,"column":0},"end":{"line":107,"column":7}},"107":{"start":{"line":108,"column":0},"end":{"line":108,"column":5}},"108":{"start":{"line":109,"column":0},"end":{"line":109,"column":3}},"120":{"start":{"line":121,"column":0},"end":{"line":121,"column":76}},"121":{"start":{"line":122,"column":0},"end":{"line":122,"column":68}},"122":{"start":{"line":123,"column":0},"end":{"line":123,"column":78}},"123":{"start":{"line":124,"column":0},"end":{"line":124,"column":3}},"134":{"start":{"line":135,"column":0},"end":{"line":135,"column":77}},"135":{"start":{"line":136,"column":0},"end":{"line":136,"column":44}},"136":{"start":{"line":137,"column":0},"end":{"line":137,"column":78}},"137":{"start":{"line":138,"column":0},"end":{"line":138,"column":5}},"138":{"start":{"line":139,"column":0},"end":{"line":139,"column":3}},"147":{"start":{"line":148,"column":0},"end":{"line":148,"column":41}},"148":{"start":{"line":149,"column":0},"end":{"line":149,"column":46}},"149":{"start":{"line":150,"column":0},"end":{"line":150,"column":18}},"150":{"start":{"line":151,"column":0},"end":{"line":151,"column":5}},"151":{"start":{"line":152,"column":0},"end":{"line":152,"column":46}},"152":{"start":{"line":153,"column":0},"end":{"line":153,"column":3}},"153":{"start":{"line":154,"column":0},"end":{"line":154,"column":1}}},"s":{"0":0,"9":0,"11":0,"27":0,"28":0,"33":0,"34":0,"35":0,"51":0,"52":0,"53":0,"54":0,"55":0,"57":0,"58":0,"60":0,"61":0,"63":0,"64":0,"66":0,"67":0,"78":0,"79":0,"80":0,"81":0,"82":0,"83":0,"84":0,"85":0,"86":0,"87":0,"97":0,"98":0,"100":0,"101":0,"102":0,"103":0,"105":0,"106":0,"107":0,"108":0,"120":0,"121":0,"122":0,"123":0,"134":0,"135":0,"136":0,"137":0,"138":0,"147":0,"148":0,"149":0,"150":0,"151":0,"152":0,"153":0},"branchMap":{"0":{"type":"branch","line":1,"loc":{"start":{"line":1,"column":3894},"end":{"line":154,"column":1}},"locations":[{"start":{"line":1,"column":3894},"end":{"line":154,"column":1}}]}},"b":{"0":[0]},"fnMap":{"0":{"name":"(empty-report)","decl":{"start":{"line":1,"column":3894},"end":{"line":154,"column":1}},"loc":{"start":{"line":1,"column":3894},"end":{"line":154,"column":1}},"line":1}},"f":{"0":0}}
,"/Users/a523034406/projects/motrix-ai/packages/core/src/aria2/client.ts": {"path":"/Users/a523034406/projects/motrix-ai/packages/core/src/aria2/client.ts","all":true,"statementMap":{"0":{"start":{"line":1,"column":0},"end":{"line":1,"column":39}},"7":{"start":{"line":8,"column":0},"end":{"line":8,"column":37}},"31":{"start":{"line":32,"column":0},"end":{"line":32,"column":26}},"32":{"start":{"line":33,"column":0},"end":{"line":33,"column":25}},"33":{"start":{"line":34,"column":0},"end":{"line":34,"column":25}},"34":{"start":{"line":35,"column":0},"end":{"line":35,"column":24}},"36":{"start":{"line":37,"column":0},"end":{"line":37,"column":43}},"37":{"start":{"line":38,"column":0},"end":{"line":38,"column":68}},"38":{"start":{"line":39,"column":0},"end":{"line":39,"column":42}},"39":{"start":{"line":40,"column":0},"end":{"line":40,"column":3}},"42":{"start":{"line":43,"column":0},"end":{"line":43,"column":75}},"43":{"start":{"line":44,"column":0},"end":{"line":44,"column":47}},"44":{"start":{"line":45,"column":0},"end":{"line":45,"column":73}},"45":{"start":{"line":46,"column":0},"end":{"line":46,"column":70}},"47":{"start":{"line":48,"column":0},"end":{"line":48,"column":42}},"48":{"start":{"line":49,"column":0},"end":{"line":49,"column":21}},"49":{"start":{"line":50,"column":0},"end":{"line":50,"column":54}},"50":{"start":{"line":51,"column":0},"end":{"line":51,"column":78}},"51":{"start":{"line":52,"column":0},"end":{"line":52,"column":7}},"53":{"start":{"line":54,"column":0},"end":{"line":54,"column":90}},"54":{"start":{"line":55,"column":0},"end":{"line":55,"column":95}},"55":{"start":{"line":56,"column":0},"end":{"line":56,"column":21}},"56":{"start":{"line":57,"column":0},"end":{"line":57,"column":92}},"57":{"start":{"line":58,"column":0},"end":{"line":58,"column":84}},"58":{"start":{"line":59,"column":0},"end":{"line":59,"column":5}},"59":{"start":{"line":60,"column":0},"end":{"line":60,"column":24}},"60":{"start":{"line":61,"column":0},"end":{"line":61,"column":3}},"63":{"start":{"line":64,"column":0},"end":{"line":64,"column":93}},"64":{"start":{"line":65,"column":0},"end":{"line":65,"column":49}},"65":{"start":{"line":66,"column":0},"end":{"line":66,"column":50}},"66":{"start":{"line":67,"column":0},"end":{"line":67,"column":60}},"67":{"start":{"line":68,"column":0},"end":{"line":68,"column":63}},"68":{"start":{"line":69,"column":0},"end":{"line":69,"column":3}},"71":{"start":{"line":72,"column":0},"end":{"line":72,"column":88}},"72":{"start":{"line":73,"column":0},"end":{"line":73,"column":49}},"73":{"start":{"line":74,"column":0},"end":{"line":74,"column":50}},"74":{"start":{"line":75,"column":0},"end":{"line":75,"column":79}},"75":{"start":{"line":76,"column":0},"end":{"line":76,"column":3}},"78":{"start":{"line":79,"column":0},"end":{"line":79,"column":55}},"79":{"start":{"line":80,"column":0},"end":{"line":80,"column":59}},"80":{"start":{"line":81,"column":0},"end":{"line":81,"column":3}},"83":{"start":{"line":84,"column":0},"end":{"line":84,"column":46}},"84":{"start":{"line":85,"column":0},"end":{"line":85,"column":56}},"85":{"start":{"line":86,"column":0},"end":{"line":86,"column":3}},"88":{"start":{"line":89,"column":0},"end":{"line":89,"column":68}},"89":{"start":{"line":90,"column":0},"end":{"line":90,"column":70}},"90":{"start":{"line":91,"column":0},"end":{"line":91,"column":3}},"93":{"start":{"line":94,"column":0},"end":{"line":94,"column":68}},"94":{"start":{"line":95,"column":0},"end":{"line":95,"column":70}},"95":{"start":{"line":96,"column":0},"end":{"line":96,"column":3}},"98":{"start":{"line":99,"column":0},"end":{"line":99,"column":45}},"99":{"start":{"line":100,"column":0},"end":{"line":100,"column":49}},"100":{"start":{"line":101,"column":0},"end":{"line":101,"column":3}},"103":{"start":{"line":104,"column":0},"end":{"line":104,"column":47}},"104":{"start":{"line":105,"column":0},"end":{"line":105,"column":51}},"105":{"start":{"line":106,"column":0},"end":{"line":106,"column":3}},"108":{"start":{"line":109,"column":0},"end":{"line":109,"column":46}},"109":{"start":{"line":110,"column":0},"end":{"line":110,"column":50}},"110":{"start":{"line":111,"column":0},"end":{"line":111,"column":3}},"113":{"start":{"line":114,"column":0},"end":{"line":114,"column":34}},"119":{"start":{"line":120,"column":0},"end":{"line":120,"column":6}},"120":{"start":{"line":121,"column":0},"end":{"line":121,"column":44}},"121":{"start":{"line":122,"column":0},"end":{"line":122,"column":3}},"124":{"start":{"line":125,"column":0},"end":{"line":125,"column":78}},"125":{"start":{"line":126,"column":0},"end":{"line":126,"column":66}},"126":{"start":{"line":127,"column":0},"end":{"line":127,"column":3}},"129":{"start":{"line":130,"column":0},"end":{"line":130,"column":65}},"130":{"start":{"line":131,"column":0},"end":{"line":131,"column":89}},"131":{"start":{"line":132,"column":0},"end":{"line":132,"column":3}},"134":{"start":{"line":135,"column":0},"end":{"line":135,"column":62}},"135":{"start":{"line":136,"column":0},"end":{"line":136,"column":51}},"136":{"start":{"line":137,"column":0},"end":{"line":137,"column":28}},"137":{"start":{"line":138,"column":0},"end":{"line":138,"column":25}},"138":{"start":{"line":139,"column":0},"end":{"line":139,"column":23}},"139":{"start":{"line":140,"column":0},"end":{"line":140,"column":28}},"140":{"start":{"line":141,"column":0},"end":{"line":141,"column":22}},"141":{"start":{"line":142,"column":0},"end":{"line":142,"column":24}},"142":{"start":{"line":143,"column":0},"end":{"line":143,"column":6}},"144":{"start":{"line":145,"column":0},"end":{"line":145,"column":12}},"145":{"start":{"line":146,"column":0},"end":{"line":146,"column":21}},"146":{"start":{"line":147,"column":0},"end":{"line":147,"column":38}},"147":{"start":{"line":148,"column":0},"end":{"line":148,"column":14}},"148":{"start":{"line":149,"column":0},"end":{"line":149,"column":52}},"149":{"start":{"line":150,"column":0},"end":{"line":150,"column":18}},"150":{"start":{"line":151,"column":0},"end":{"line":151,"column":42}},"151":{"start":{"line":152,"column":0},"end":{"line":152,"column":11}},"152":{"start":{"line":153,"column":0},"end":{"line":153,"column":90}},"153":{"start":{"line":154,"column":0},"end":{"line":154,"column":14}},"154":{"start":{"line":155,"column":0},"end":{"line":155,"column":43}},"155":{"start":{"line":156,"column":0},"end":{"line":156,"column":39}},"156":{"start":{"line":157,"column":0},"end":{"line":157,"column":8}},"157":{"start":{"line":158,"column":0},"end":{"line":158,"column":50}},"158":{"start":{"line":159,"column":0},"end":{"line":159,"column":48}},"159":{"start":{"line":160,"column":0},"end":{"line":160,"column":21}},"160":{"start":{"line":161,"column":0},"end":{"line":161,"column":31}},"161":{"start":{"line":162,"column":0},"end":{"line":162,"column":45}},"162":{"start":{"line":163,"column":0},"end":{"line":163,"column":10}},"163":{"start":{"line":164,"column":0},"end":{"line":164,"column":29}},"164":{"start":{"line":165,"column":0},"end":{"line":165,"column":21}},"165":{"start":{"line":166,"column":0},"end":{"line":166,"column":28}},"166":{"start":{"line":167,"column":0},"end":{"line":167,"column":33}},"167":{"start":{"line":168,"column":0},"end":{"line":168,"column":6}},"168":{"start":{"line":169,"column":0},"end":{"line":169,"column":3}},"169":{"start":{"line":170,"column":0},"end":{"line":170,"column":1}}},"s":{"0":0,"7":0,"31":0,"32":0,"33":0,"34":0,"36":0,"37":0,"38":0,"39":0,"42":0,"43":0,"44":0,"45":0,"47":0,"48":0,"49":0,"50":0,"51":0,"53":0,"54":0,"55":0,"56":0,"57":0,"58":0,"59":0,"60":0,"63":0,"64":0,"65":0,"66":0,"67":0,"68":0,"71":0,"72":0,"73":0,"74":0,"75":0,"78":0,"79":0,"80":0,"83":0,"84":0,"85":0,"88":0,"89":0,"90":0,"93":0,"94":0,"95":0,"98":0,"99":0,"100":0,"103":0,"104":0,"105":0,"108":0,"109":0,"110":0,"113":0,"119":0,"120":0,"121":0,"124":0,"125":0,"126":0,"129":0,"130":0,"131":0,"134":0,"135":0,"136":0,"137":0,"138":0,"139":0,"140":0,"141":0,"142":0,"144":0,"145":0,"146":0,"147":0,"148":0,"149":0,"150":0,"151":0,"152":0,"153":0,"154":0,"155":0,"156":0,"157":0,"158":0,"159":0,"160":0,"161":0,"162":0,"163":0,"164":0,"165":0,"166":0,"167":0,"168":0,"169":0},"branchMap":{"0":{"type":"branch","line":1,"loc":{"start":{"line":1,"column":5210},"end":{"line":170,"column":1}},"locations":[{"start":{"line":1,"column":5210},"end":{"line":170,"column":1}}]}},"b":{"0":[0]},"fnMap":{"0":{"name":"(empty-report)","decl":{"start":{"line":1,"column":5210},"end":{"line":170,"column":1}},"loc":{"start":{"line":1,"column":5210},"end":{"line":170,"column":1}},"line":1}},"f":{"0":0}}
,"/Users/a523034406/projects/motrix-ai/packages/core/src/config/loader.ts": {"path":"/Users/a523034406/projects/motrix-ai/packages/core/src/config/loader.ts","all":false,"statementMap":{"0":{"start":{"line":1,"column":0},"end":{"line":1,"column":38}},"8":{"start":{"line":9,"column":0},"end":{"line":9,"column":49}},"9":{"start":{"line":10,"column":0},"end":{"line":10,"column":52}},"11":{"start":{"line":12,"column":0},"end":{"line":12,"column":42}},"12":{"start":{"line":13,"column":0},"end":{"line":13,"column":7}},"13":{"start":{"line":14,"column":0},"end":{"line":14,"column":25}},"14":{"start":{"line":15,"column":0},"end":{"line":15,"column":45}},"15":{"start":{"line":16,"column":0},"end":{"line":16,"column":4}},"16":{"start":{"line":17,"column":0},"end":{"line":17,"column":10}},"17":{"start":{"line":18,"column":0},"end":{"line":18,"column":45}},"18":{"start":{"line":19,"column":0},"end":{"line":19,"column":4}},"19":{"start":{"line":20,"column":0},"end":{"line":20,"column":14}},"20":{"start":{"line":21,"column":0},"end":{"line":21,"column":56}},"21":{"start":{"line":22,"column":0},"end":{"line":22,"column":67}},"22":{"start":{"line":23,"column":0},"end":{"line":23,"column":72}},"23":{"start":{"line":24,"column":0},"end":{"line":24,"column":66}},"24":{"start":{"line":25,"column":0},"end":{"line":25,"column":64}},"25":{"start":{"line":26,"column":0},"end":{"line":26,"column":4}},"26":{"start":{"line":27,"column":0},"end":{"line":27,"column":13}},"27":{"start":{"line":28,"column":0},"end":{"line":28,"column":18}},"28":{"start":{"line":29,"column":0},"end":{"line":29,"column":12}},"29":{"start":{"line":30,"column":0},"end":{"line":30,"column":98}},"30":{"start":{"line":31,"column":0},"end":{"line":31,"column":106}},"31":{"start":{"line":32,"column":0},"end":{"line":32,"column":107}},"32":{"start":{"line":33,"column":0},"end":{"line":33,"column":6}},"33":{"start":{"line":34,"column":0},"end":{"line":34,"column":4}},"34":{"start":{"line":35,"column":0},"end":{"line":35,"column":9}},"35":{"start":{"line":36,"column":0},"end":{"line":36,"column":18}},"36":{"start":{"line":37,"column":0},"end":{"line":37,"column":61}},"37":{"start":{"line":38,"column":0},"end":{"line":38,"column":4}},"38":{"start":{"line":39,"column":0},"end":{"line":39,"column":14}},"39":{"start":{"line":40,"column":0},"end":{"line":40,"column":18}},"40":{"start":{"line":41,"column":0},"end":{"line":41,"column":43}},"41":{"start":{"line":42,"column":0},"end":{"line":42,"column":66}},"42":{"start":{"line":43,"column":0},"end":{"line":43,"column":4}},"43":{"start":{"line":44,"column":0},"end":{"line":44,"column":12}},"44":{"start":{"line":45,"column":0},"end":{"line":45,"column":19}},"45":{"start":{"line":46,"column":0},"end":{"line":46,"column":16}},"46":{"start":{"line":47,"column":0},"end":{"line":47,"column":4}},"47":{"start":{"line":48,"column":0},"end":{"line":48,"column":2}},"49":{"start":{"line":50,"column"
[...]
e":70,"column":12}},"70":{"start":{"line":71,"column":0},"end":{"line":71,"column":47}},"71":{"start":{"line":72,"column":0},"end":{"line":72,"column":57}},"72":{"start":{"line":73,"column":0},"end":{"line":73,"column":6}},"73":{"start":{"line":74,"column":0},"end":{"line":74,"column":3}},"74":{"start":{"line":75,"column":0},"end":{"line":75,"column":1}}},"s":{"0":1,"20":1,"21":6,"23":6,"24":6,"25":6,"31":6,"32":6,"34":6,"35":10,"36":12,"37":12,"38":12,"39":4,"40":4,"41":4,"42":4,"43":4,"44":4,"45":4,"46":12,"48":1,"49":1,"50":12,"51":6,"52":2,"53":6,"55":6,"57":6,"58":6,"59":6,"60":6,"61":6,"62":0,"63":0,"64":0,"65":6,"66":6,"68":6,"69":6,"70":6,"71":6,"72":6,"73":6,"74":6},"branchMap":{"0":{"type":"branch","line":21,"loc":{"start":{"line":21,"column":28},"end":{"line":75,"column":1}},"locations":[{"start":{"line":21,"column":28},"end":{"line":75,"column":1}}]},"1":{"type":"branch","line":24,"loc":{"start":{"line":24,"column":2},"end":{"line":26,"column":3}},"locations":[{"start":{"line":24,"column":2},"end":{"line":26,"column":3}}]},"2":{"type":"branch","line":32,"loc":{"start":{"line":32,"column":2},"end":{"line":54,"column":3}},"locations":[{"start":{"line":32,"column":2},"end":{"line":54,"column":3}}]},"3":{"type":"branch","line":35,"loc":{"start":{"line":35,"column":43},"end":{"line":52,"column":5}},"locations":[{"start":{"line":35,"column":43},"end":{"line":52,"column":5}}]},"4":{"type":"branch","line":36,"loc":{"start":{"line":36,"column":41},"end":{"line":51,"column":7}},"locations":[{"start":{"line":36,"column":41},"end":{"line":51,"column":7}}]},"5":{"type":"branch","line":38,"loc":{"start":{"line":38,"column":63},"end":{"line":39,"column":34}},"locations":[{"start":{"line":38,"column":63},"end":{"line":39,"column":34}}]},"6":{"type":"branch","line":39,"loc":{"start":{"line":39,"column":34},"end":{"line":46,"column":11}},"locations":[{"start":{"line":39,"column":34},"end":{"line":46,"column":11}}]},"7":{"type":"branch","line":47,"loc":{"start":{"line":47,"column":8},"end":{"line":50,"column":9}},"locations":[{"start":{"line":47,"column":8},"end":{"line":50,"column":9}}]},"8":{"type":"branch","line":51,"loc":{"start":{"line":51,"column":6},"end":{"line":52,"column":5}},"locations":[{"start":{"line":51,"column":6},"end":{"line":52,"column":5}}]},"9":{"type":"branch","line":52,"loc":{"start":{"line":52,"column":4},"end":{"line":53,"column":16}},"locations":[{"start":{"line":52,"column":4},"end":{"line":53,"column":16}}]},"10":{"type":"branch","line":56,"loc":{"start":{"line":56,"column":10},"end":{"line":74,"column":3}},"locations":[{"start":{"line":56,"column":10},"end":{"line":74,"column":3}}]},"11":{"type":"branch","line":72,"loc":{"start":{"line":72,"column":12},"end":{"line":72,"column":47}},"locations":[{"start":{"line":72,"column":12},"end":{"line":72,"column":47}}]},"12":{"type":"branch","line":72,"loc":{"start":{"line":72,"column":43},"end":{"line":72,"column":57}},"locations":[{"start":{"line":72,"column":43},"end":{"line":72,"column":57}}]}},"b":{"0":[6],"1":[6],"2":[6],"3":[10],"4":[12],"5":[11],"6":[4],"7":[1],"8":[6],"9":[2],"10":[6],"11":[1],"12":[5]},"fnMap":{"0":{"name":"<instance_members_initializer>","decl":{"start":{"line":21,"column":28},"end":{"line":75,"column":1}},"loc":{"start":{"line":21,"column":28},"end":{"line":75,"column":1}},"line":21},"1":{"name":"SubtitleFinder","decl":{"start":{"line":24,"column":2},"end":{"line":26,"column":3}},"loc":{"start":{"line":24,"column":2},"end":{"line":26,"column":3}},"line":24},"2":{"name":"findBest","decl":{"start":{"line":32,"column":2},"end":{"line":54,"column":3}},"loc":{"start":{"line":32,"column":2},"end":{"line":54,"column":3}},"line":32},"3":{"name":"parseFilename","decl":{"start":{"line":56,"column":10},"end":{"line":74,"column":3}},"loc":{"start":{"line":56,"column":10},"end":{"line":74,"column":3}},"line":56}},"f":{"0":6,"1":6,"2":6,"3":6}}
,"/Users/a523034406/projects/motrix-ai/packages/core/src/subtitle/shooter.ts": {"path":"/Users/a523034406/projects/motrix-ai/packages/core/src/subtitle/shooter.ts","all":false,"statementMap":{"0":{"start":{"line":1,"column":0},"end":{"line":1,"column":59}},"7":{"start":{"line":8,"column":0},"end":{"line":8,"column":48}},"10":{"start":{"line":11,"column":0},"end":{"line":11,"column":50}},"11":{"start":{"line":12,"column":0},"end":{"line":12,"column":27}},"13":{"start":{"line":14,"column":0},"end":{"line":14,"column":85}},"14":{"start":{"line":15,"column":0},"end":{"line":15,"column":39}},"15":{"start":{"line":16,"column":0},"end":{"line":16,"column":48}},"16":{"start":{"line":17,"column":0},"end":{"line":17,"column":36}},"17":{"start":{"line":18,"column":0},"end":{"line":18,"column":32}},"18":{"start":{"line":19,"column":0},"end":{"line":19,"column":69}},"19":{"start":{"line":20,"column":0},"end":{"line":20,"column":3}},"20":{"start":{"line":21,"column":0},"end":{"line":21,"column":42}},"21":{"start":{"line":22,"column":0},"end":{"line":22,"column":26}},"22":{"start":{"line":23,"column":0},"end":{"line":23,"column":1}},"28":{"start":{"line":29,"column":0},"end":{"line":29,"column":30}},"29":{"start":{"line":30,"column":0},"end":{"line":30,"column":15}},"33":{"start":{"line":34,"column":0},"end":{"line":34,"column":18}},"34":{"start":{"line":35,"column":0},"end":{"line":35,"column":21}},"35":{"start":{"line":36,"column":0},"end":{"line":36,"column":39}},"37":{"start":{"line":38,"column":0},"end":{"line":38,"column":28}},"38":{"start":{"line":39,"column":0},"end":{"line":39,"column":38}},"39":{"start":{"line":40,"column":0},"end":{"line":40,"column":36}},"40":{"start":{"line":41,"column":0},"end":{"line":41,"column":28}},"44":{"start":{"line":45,"column":0},"end":{"line":45,"column":52}},"45":{"start":{"line":46,"column":0},"end":{"line":46,"column":29}},"47":{"start":{"line":48,"column":0},"end":{"line":48,"column":20}},"48":{"start":{"line":49,"column":0},"end":{"line":49,"column":17}},"49":{"start":{"line":50,"column":0},"end":{"line":50,"column":25}},"50":{"start":{"line":51,"column":0},"end":{"line":51,"column":71}},"51":{"start":{"line":52,"column":0},"end":{"line":52,"column":26}},"52":{"start":{"line":53,"column":0},"end":{"line":53,"column":9}},"53":{"start":{"line":54,"column":0},"end":{"line":54,"column":5}},"54":{"start":{"line":55,"column":0},"end":{"line":55,"column":3}},"56":{"start":{"line":57,"column":0},"end":{"line":57,"column":17}},"57":{"start":{"line":58,"column":0},"end":{"line":58,"column":1}},"59":{"start":{"line":60,"column":0},"end":{"line":60,"column":54}},"60":{"start":{"line":61,"column":0},"end":{"line":61,"column":28}},"61":{"start":{"line":62,"column":0},"end":{"line":62,"column":37}},"63":{"start":{"line":64,"column":0},"end":{"line":64,"column":35}},"64":{"start":{"line":65,"column":0},"end":{"line":65,"column":20}},"65":{"start":{"line":66,"column":0},"end":{"line":66,"column":18}},"66":{"start":{"line":67,"column":0},"end":{"line":67,"column":126}},"67":{"start":{"line":68,"column":0},"end":{"line":68,"column":3}},"69":{"start":{"line":70,"column":0},"end":{"line":70,"column":92}},"70":{"start":{"line":71,"column":0},"end":{"line":71,"column":35}},"71":{"start":{"line":72,"column":0},"end":{"line":72,"column":52}},"73":{"start":{"line":74,"column":0},"end":{"line":74,"column":40}},"75":{"start":{"line":76,"column":0},"end":{"line":76,"column":9}},"78":{"start":{"line":79,"column":0},"end":{"line":79,"column":45}},"79":{"start":{"line":80,"column":0},"end":{"line":80,"column":37}},"80":{"start":{"line":81,"column":0},"end":{"line":81,"column":47}},"81":{"start":{"line":82,"column":0},"end":{"line":82,"column":33}},"83":{"start":{"line":84,"column":0},"end":{"line":84,"column":46}},"84":{"start":{"line":85,"column":0},"end":{"line":85,"column":48}},"85":{"start":{"line":86,"column":0},"end":{"line":86,"column":9}},"86":{"start":{"line":87,"column":0},"end":{"line":87,"column":25}},"87":{"start":{"line":88,"column":0},"end":{"line":88,"column":20}},"88":{"start":{"line":89,"column":0},"end":{"line":89,"column":41}},"89":{"start":{"line":90,"column":0},"end":{"line":90,"column":64}},"90":{"start":{"line":91,"column":0},"end":{"line":91,"column":39}},"91":{"start":{"line":92,"column":0},"end":{"line":92,"column":12}},"92":{"start":{"line":93,"column":0},"end":{"line":93,"column":36}},"93":{"start":{"line":94,"column":0},"end":{"line":94,"column":46}},"94":{"start":{"line":95,"column":0},"end":{"line":95,"column":9}},"95":{"start":{"line":96,"column":0},"end":{"line":96,"column":8}},"97":{"start":{"line":98,"column":0},"end":{"line":98,"column":25}},"98":{"start":{"line":99,"column":0},"end":{"line":99,"column":64}},"99":{"start":{"line":100,"column":0},"end":{"line":100,"column":18}},"100":{"start":{"line":101,"column":0},"end":{"line":101,"column":7}},"102":{"start":{"line":103,"column":0},"end":{"line":103,"column":41}},"103":{"start":{"line":104,"column":0},"end":{"line":104,"column":33}},"104":{"start":{"line":105,"column":0},"end":{"line":105,"column":50}},"105":{"start":{"line":106,"column":0},"end":{"line":106,"column":18}},"106":{"start":{"line":107,"column":0},"end":{"line":107,"column":7}},"108":{"start":{"line":109,"column":0},"end":{"line":109,"column":46}},"109":{"start":{"line":110,"column":0},"end":{"line":110,"column":19}},"111":{"start":{"line":112,"column":0},"end":{"line":112,"column":18}},"112":{"start":{"line":113,"column":0},"end":{"line":113,"column":37}},"113":{"start":{"line":114,"column":0},"end":{"line":114,"column":48}},"114":{"start":{"line":115,"column":0},"end":{"line":115,"column":8}},"115":{"start":{"line":116,"column":0},"end":{"line":116,"column":16}},"116":{"start":{"line":117,"column":0},"end":{"line":117,"column":5}},"117":{"start":{"line":118,"column":0},"end":{"line":118,"column":3}},"118":{"start":{"line":119,"column":0},"end":{"line":119,"column":1}}},"s":{"0":1,"7":1,"10":1,"11":1,"13":0,"14":0,"15":0,"16":0,"17":0,"18":0,"19":0,"20":0,"21":0,"22":0,"28":0,"29":0,"33":0,"34":0,"35":0,"37":0,"38":0,"39":0,"40":0,"44":0,"45":0,"47":0,"48":0,"49":0,"50":0,"51":0,"52":0,"53":0,"54":0,"56":0,"57":0,"59":1,"60":0,"61":0,"63":0,"64":0,"65":0,"66":0,"67":0,"69":0,"70":0,"71":0,"73":0,"75":0,"78":0,"79":0,"80":0,"81":0,"83":0,"84":0,"85":0,"86":0,"87":0,"88":0,"89":0,"90":0,"91":0,"92":0,"93":0,"94":0,"95":0,"97":0,"98":0,"99":0,"100":0,"102":0,"103":0,"104":0,"105":0,"106":0,"108":0,"109":0,"111":0,"112":0,"113":0,"114":0,"115":0,"116":0,"117":0,"118":0},"branchMap":{"0":{"type":"branch","line":60,"loc":{"start":{"line":60,"column":53},"end":{"line":119,"column":1}},"locations":[{"start":{"line":60,"column":53},"end":{"line":119,"column":1}}]}},"b":{"0":[0]},"fnMap":{"0":{"name":"rateLimitedFetch","decl":{"start":{"line":14,"column":0},"end":{"line":23,"column":1}},"loc":{"start":{"line":14,"column":0},"end":{"line":23,"column":1}},"line":14},"1":{"name":"parseShooterResponse","decl":{"start":{"line":29,"column":0},"end":{"line":58,"column":1}},"loc":{"start":{"line":29,"column":0},"end":{"line":58,"column":1}},"line":29},"2":{"name":"<instance_members_initializer>","decl":{"start":{"line":60,"column":53},"end":{"line":119,"column":1}},"loc":{"start":{"line":60,"column":53},"end":{"line":119,"column":1}},"line":60}},"f":{"0":0,"1":0,"2":0}}
,"/Users/a523034406/projects/motrix-ai/packages/core/src/subtitle/subhd.ts": {"path":"/Users/a523034406/projects/motrix-ai/packages/core/src/subtitle/subhd.ts","all":false,"statementMap":{"0":{"start":{"line":1,"column":0},"end":{"line":1,"column":54}},"6":{"start":{"line":7,"column":0},"end":{"line":7,"column":46}},"9":{"start":{"line":10,"column":0},"end":{"line":10,"column":50}},"10":{"start":{"line":11,"column":0},"end":{"line":11,"column":27}},"12":{"start":{"line":13,"column":0},"end":{"line":13,"column":85}},"13":{"start":{"line":14,"column":0},"end":{"line":14,"column":39}},"14":{"start":{"line":15,"column":0},"end":{"line":15,"column":48}},"15":{"start":{"line":16,"column":0},"end":{"line":16,"column":36}},"16":{"start":{"line":17,"column":0},"end":{"line":17,"column":32}},"17":{"start":{"line":18,"column":0},"end":{"line":18,"column":69}},"18":{"start":{"line":19,"column":0},"end":{"line":19,"column":3}},"19":{"start":{"line":20,"column":0},"end":{"line":20,"column":42}},"20":{"start":{"line":21,"column":0},"end":{"line":21,"column":26}},"21":{"start":{"line":22,"column":0},"end":{"line":22,"column":1}},"24":{"start":{"line":25,"column":0},"end":{"line":25,"column":50}},"25":{"start":{"line":26,"column":0},"end":{"line":26,"column":12}},"26":{"start":{"line":27,"column":0},"end":{"line":27,"column":27}},"27":{"start":{"line":28,"column":0},"end":{"line":28,"column":26}},"28":{"start":{"line":29,"column":0},"end":{"line":29,"column":26}},"29":{"start":{"line":30,"column":0},"end":{"line":30,"column":28}},"30":{"start":{"line":31,"column":0},"end":{"line":31,"column":27}},"31":{"start":{"line":32,"column":0},"end":{"line":32,"column":28}},"32":{"start":{"line":33,"column":0},"end":{"line":33,"column":28}},"33":{"start":{"line":34,"column":0},"end":{"line":34,"column":80}},"34":{"start":{"line":35,"column":0},"end":{"line":35,"column":1}},"43":{"start":{"line":44,"column":0},"end":{"line":44,"column":81}},"44":{"start":{"line":45,"column":0},"end":{"line":45,"column":39}},"51":{"start":{"line":52,"column":0},"end":{"line":52,"column":79}},"52":{"start":{"line":53,"column":0},"end":{"line":53,"column":36}},"54":{"start":{"line":55,"column":0},"end":{"line":55,"column":53}},"55":{"start":{"line":56,"column":0},"end":{"line":56,"column":26}},"56":{"start":{"line":57,"column":0},"end":{"line":57,"column":61}},"57":{"start":{"line":58,"column":0},"end":{"line":58,"column":47}},"59":{"start":{"line":60,"column":0},"end":{"line":60,"column":45}},"62":{"start":{"line":63,"column":0},"end":{"line":63,"column":58}},"65":{"start":{"line":66,"column":0},"end":{"line":66,"column":43}},"68":{"start":{"line":69,"column":0},"end":{"line":69,"column":43}},"70":{"start":{"line":71,"column":0},"end":{"line":71,"column":18}},"71":{"start":{"line":72,"column":0},"end":{"line":72,"column":15}},"72":{"start":{"line":73,"column":0},"end":{"line":73,"column":31}},"73":{"start":{"line":74,"column":0},"end":{"line":74,"column":29}},"74":{"start":{"line":75,"column":0},"end":{"line":75,"column":22}},"75":{"start":{"line":76,"column":0},"end":{"line":76,"column":7}},"78":{"start":{"line":79,"column":0},"end":{"line":79,"column":36}},"79":{"start":{"line":80,"column":0},"end":{"line":80,"column":3}},"81":{"start":{"line":82,"column":0},"end":{"line":82,"column":17}},"82":{"start":{"line":83,"column":0},"end":{"line":83,"column":1}},"85":{"start":{"line":86,"column":0},"end":{"line":86,"column":47}},"86":{"start":{"line":87,"column":0},"end":{"line":87,"column":35}},"87":{"start":{"line":88,"column":0},"end":{"line":88,"column":54}},"88":{"start":{"line":89,"column":0},"end":{"line":89,"column":53}},"89":{"start":{"line":90,"column":0},"end":{"line":90,"column":48}},"90":{"start":{"line":91,"column":0},"end":{"line":91,"column":47}},"91":{"start":{"line":92,"column":0},"end":{"line":92,"column":54}},"93":{"start":{"line":94,"column":0},"end":{"line":94,"column":19}},"94":{"start":{"line":95,"column":0},"end":{"line":95,"column":1}},"96":{"start":{"line":97,"column":0},"end":{"line":97,"column":52}},"97":{"start":{"line":98,"column":0},"end":{"line":98,"column":26}},"98":{"start":{"line":99,"column":0},"end":{"line":99,"column":37}},"99":{"start":{"line":100,"column":0},"end":{"line":100,"column":35}},"101":{"start":{"line":102,"column":0},"end":{"line":102,"column":53}},"102":{"start":{"line":103,"column":0},"end":{"line":103,"column":20}},"103":{"start":{"line":104,"column":0},"end":{"line":104,"column":18}},"104":{"start":{"line":105,"column":0},"end":{"line":105,"column":126}},"105":{"start":{"line":106,"column":0},"end":{"line":106,"column":49}},"106":{"start":{"line":107,"column":0},"end":{"line":107,"column":3}},"108":{"start":{"line":109,"column":0},"end":{"line":109,"column":92}},"109":{"start":{"line":110,"column":0},"end":{"line":110,"column":52}},"110":{"start":{"line":111,"column":0},"end":{"line":111,"column":40}},"112":{"start":{"line":113,"column":0},"end":{"line":113,"column":9}},"113":{"start":{"line":114,"column":0},"end":{"line":114,"column":72}},"115":{"start":{"line":116,"column":0},"end":{"line":116,"column":52}},"116":{"start":{"line":117,"column":0},"end":{"line":117,"column":18}},"117":{"start":{"line":118,"column":0},"end":{"line":118,"column":39}},"118":{"start":{"line":119,"column":0},"end":{"line":119,"column":52}},"119":{"start":{"line":120,"column":0},"end":{"line":120,"column":55}},"120":{"start":{"line":121,"column":0},"end":{"line":121,"column":10}},"121":{"start":{"line":122,"column":0},"end":{"line":122,"column":44}},"122":{"start":{"line":123,"column":0},"end":{"line":123,"column":9}},"124":{"start":{"line":125,"column":0},"end":{"line":125,"column":25}},"125":{"start":{"line":126,"column":0},"end":{"line":126,"column":48}},"126":{"start":{"line":127,"column":0},"end":{"line":127,"column":18}},"127":{"start":{"line":128,"column":0},"end":{"line":128,"column":7}},"129":{"start":{"line":130,"column":0},"end":{"line":130,"column":41}},"130":{"start":{"line":131,"column":0},"end":{"line":131,"column":57}},"133":{"start":{"line":134,"column":0},"end":{"line":134,"column":21}},"134":{"start":{"line":135,"column":0},"end":{"line":135,"column":30}},"135":{"start":{"line":136,"column":0},"end":{"line":136,"column":89}},"136":{"start":{"line":137,"column":0},"end":{"line":137,"column":10}},"137":{"start":{"line":138,"column":0},"end":{"line":138,"column":7}},"139":{"start":{"line":140,"column":0},"end":{"line":140,"column":21}},"140":{"start":{"line":141,"column":0},"end":{"line":141,"column":19}},"141":{"start":{"line":142,"column":0},"end":{"line":142,"column":78}},"142":{"start":{"line":143,"column":0},"end":{"line":143,"column":16}},"143":{"start":{"line":144,"column":0},"end":{"line":144,"column":5}},"144":{"start":{"line":145,"column":0},"end":{"line":145,"column":3}},"145":{"start":{"line":146,"column":0},"end":{"line":146,"column":1}}},"s":{"0":1,"6":1,"9":1,"10":1,"12":0,"13":0,"14":0,"15":0,"16":0,"17":0,"18":0,"19":0,"20":0,"21":0,"24":0,"25":0,"26":0,"27":0,"28":0,"29":0,"30":0,"31":0,"32":0,"33":0,"34":0,"43":1,"44":0,"51":0,"52":0,"54":0,"55":0,"56":0,"57":0,"59":0,"62":0,"65":0,"68":0,"70":0,"71":0,"72":0,"73":0,"74":0,"75":0,"78":0,"79":0,"81":0,"82":0,"85":0,"86":0,"87":0,"88":0,"89":0,"90":0,"91":0,"93":0,"94":0,"96":1,"97":0,"98":0,"99":0,"101":0,"102":0,"103":0,"104":0,"105":0,"106":0,"108":0,"109":0,"110":0,"112":0,"113":0,"115":0,"116":0,"117":0,"118":0,"119":0,"120":0,"121":0,"122":0,"124":0,"125":0,"126":0,"127":0,"129":0,"130":0,"133":0,"134":0,"135":0,"136":0,"137":0,"139":0,"140":0,"141":0,"142":0,"143":0,"144":0,"145":0},"branchMap":{"0":{"type":"branch","line":97,"loc":{"start":{"line":97,"column":51},"end":{"line":146,"column":1}},"locations":[{"start":{"line":97,"column":51},"end":{"line":146,"column":1}}]}},"b":{"0":[0]},"fnMap":{"0":{"name":"rateLimitedFetch","decl":{"start":{"line":13,"column":0},"end":{"line":22,"column":1}},"loc":{"start":{"line":13,"column":0},"end":{"line":22,"column":1}},"line":13},"1":{"name":"decodeHtmlEntities","decl":{"start":{"line":25,"column":0},"end":{"line":35,"column":1}},"loc":{"start":{"line":25,"column":0},"end":{"line":35,"column":1}},"line":25},"2":{"name":"parseSubhdHtml","decl":{"start":{"line":44,"column":7},"end":{"line":83,"column":1}},"loc":{"start":{"line":44,"column":7},"end":{"line":83,"column":1}},"line":44},"3":{"name":"detectLanguage","decl":{"start":{"line":86,"column":0},"end":{"line":95,"column":1}},"loc":{"start":{"line":86,"column":0},"end":{"line":95,"column":1}},"line":86},"4":{"name":"<instance_members_initializer>","decl":{"start":{"line":97,"column":51},"end":{"line":146,"column":1}},"loc":{"start":{"line":97,"column":51},"end":{"line":146,"column":1}},"line":97}},"f":{"0":0,"1":0,"2":0,"3":0,"4":0}}
}
